2025-09-18T12:46:35.128+05:30 TRACE 21564 --- [BarkBuddy_BackEnd] [http-nio-8080-exec-2] o.s.security.web.FilterChainProxy        : Invoking WebAsyncManagerIntegrationFilter (2/13)
2025-09-18T12:46:35.206+05:30 TRACE 21564 --- [BarkBuddy_BackEnd] [http-nio-8080-exec-2] o.s.security.web.FilterChainProxy        : Invoking SecurityContextHolderFilter (3/13)
2025-09-18T12:46:35.206+05:30 TRACE 21564 --- [BarkBuddy_BackEnd] [http-nio-8080-exec-2] o.s.security.web.FilterChainProxy        : Invoking HeaderWriterFilter (4/13)
2025-09-18T12:46:35.206+05:30 TRACE 21564 --- [BarkBuddy_BackEnd] [http-nio-8080-exec-2] o.s.security.web.FilterChainProxy        : Invoking CorsFilter (5/13)
2025-09-18T12:46:35.207+05:30 TRACE 21564 --- [BarkBuddy_BackEnd] [http-nio-8080-exec-2] o.s.security.web.FilterChainProxy        : Invoking LogoutFilter (6/13)
2025-09-18T12:46:35.208+05:30 TRACE 21564 --- [BarkBuddy_BackEnd] [http-nio-8080-exec-2] o.s.s.w.a.logout.LogoutFilter            : Did not match request to Or [Ant [pattern='/logout', GET], Ant [pattern='/logout', POST], Ant [pattern='/logout', PUT], Ant [pattern='/logout', DELETE]]
2025-09-18T12:46:35.208+05:30 TRACE 21564 --- [BarkBuddy_BackEnd] [http-nio-8080-exec-2] o.s.security.web.FilterChainProxy        : Invoking JWTAuthFilter (7/13)
2025-09-18T12:46:35.210+05:30 TRACE 21564 --- [BarkBuddy_BackEnd] [http-nio-8080-exec-2] .s.s.w.c.SupplierDeferredSecurityContext : Created SecurityContextImpl [Null authentication]
2025-09-18T12:46:35.219+05:30 TRACE 21564 --- [BarkBuddy_BackEnd] [http-nio-8080-exec-2] o.s.security.web.FilterChainProxy        : Invoking RequestCacheAwareFilter (8/13)
2025-09-18T12:46:35.220+05:30 TRACE 21564 --- [BarkBuddy_BackEnd] [http-nio-8080-exec-2] o.s.security.web.FilterChainProxy        : Invoking SecurityContextHolderAwareRequestFilter (9/13)
2025-09-18T12:46:35.221+05:30 TRACE 21564 --- [BarkBuddy_BackEnd] [http-nio-8080-exec-2] o.s.security.web.FilterChainProxy        : Invoking AnonymousAuthenticationFilter (10/13)
2025-09-18T12:46:35.221+05:30 TRACE 21564 --- [BarkBuddy_BackEnd] [http-nio-8080-exec-2] o.s.security.web.FilterChainProxy        : Invoking SessionManagementFilter (11/13)
2025-09-18T12:46:35.221+05:30 TRACE 21564 --- [BarkBuddy_BackEnd] [http-nio-8080-exec-2] o.s.s.w.a.AnonymousAuthenticationFilter  : Did not set SecurityContextHolder since already authenticated UsernamePasswordAuthenticationToken [Principal=amandasathsarani03@gmail.com, Credentials=[PROTECTED], Authenticated=true, Details=WebAuthenticationDetails [RemoteIpAddress=0:0:0:0:0:0:0:1, SessionId=null], Granted Authorities=[ROLE_USER]]
2025-09-18T12:46:35.221+05:30 TRACE 21564 --- [BarkBuddy_BackEnd] [http-nio-8080-exec-2] s.CompositeSessionAuthenticationStrategy : Preparing session with ChangeSessionIdAuthenticationStrategy (1/1)
2025-09-18T12:46:35.221+05:30 TRACE 21564 --- [BarkBuddy_BackEnd] [http-nio-8080-exec-2] o.s.security.web.FilterChainProxy        : Invoking ExceptionTranslationFilter (12/13)
2025-09-18T12:46:35.222+05:30 TRACE 21564 --- [BarkBuddy_BackEnd] [http-nio-8080-exec-2] o.s.security.web.FilterChainProxy        : Invoking AuthorizationFilter (13/13)
2025-09-18T12:46:35.222+05:30 TRACE 21564 --- [BarkBuddy_BackEnd] [http-nio-8080-exec-2] estMatcherDelegatingAuthorizationManager : Authorizing GET /api/user-chat/conversations
2025-09-18T12:46:35.224+05:30 TRACE 21564 --- [BarkBuddy_BackEnd] [http-nio-8080-exec-2] estMatcherDelegatingAuthorizationManager : Checking authorization on GET /api/user-chat/conversations using org.springframework.security.authorization.AuthenticatedAuthorizationManager@de11dd1
2025-09-18T12:46:35.224+05:30 DEBUG 21564 --- [BarkBuddy_BackEnd] [http-nio-8080-exec-2] o.s.security.web.FilterChainProxy        : Secured GET /api/user-chat/conversations
2025-09-18T12:46:35.224+05:30 DEBUG 21564 --- [BarkBuddy_BackEnd] [http-nio-8080-exec-2] o.s.web.servlet.DispatcherServlet        : GET "/api/user-chat/conversations", parameters={}
2025-09-18T12:46:35.224+05:30 DEBUG 21564 --- [BarkBuddy_BackEnd] [http-nio-8080-exec-2] s.w.s.m.m.a.RequestMappingHandlerMapping : Mapped to com.example.barkbuddy_backend.controller.UserChatController#listConversations(String)
2025-09-18T12:46:35.255+05:30 DEBUG 21564 --- [BarkBuddy_BackEnd] [http-nio-8080-exec-2] o.s.w.s.m.m.a.HttpEntityMethodProcessor  : Using 'application/json', given [*/*] and supported [application/json, application/*+json]
2025-09-18T12:46:35.255+05:30 DEBUG 21564 --- [BarkBuddy_BackEnd] [http-nio-8080-exec-2] o.s.w.s.m.m.a.HttpEntityMethodProcessor  : Writing [[ChatConversationDTO(dogId=1, dogName=Toby, otherUserId=3, otherUsername=Nethmi Nanayakkara, lastMes (truncated)...]
2025-09-18T12:46:35.256+05:30 TRACE 21564 --- [BarkBuddy_BackEnd] [http-nio-8080-exec-2] o.s.s.w.header.writers.HstsHeaderWriter  : Not injecting HSTS header since it did not match request to [Is Secure]
2025-09-18T12:46:35.256+05:30 DEBUG 21564 --- [BarkBuddy_BackEnd] [http-nio-8080-exec-2] o.s.web.servlet.DispatcherServlet        : Completed 200 OK
2025-09-18T12:46:36.906+05:30 TRACE 21564 --- [BarkBuddy_BackEnd] [http-nio-8080-exec-4] o.s.security.web.FilterChainProxy        : Trying to match request against DefaultSecurityFilterChain defined as 'oauth2SecurityFilterChain' in [class path resource [com/example/barkbuddy_backend/config/SecurityConfig.class]] matching [Or [Mvc [pattern='/oauth2/**'], Mvc [pattern='/login/oauth2/**'], Mvc [pattern='/oauth2/success']]] and having filters [DisableEncodeUrl, WebAsyncManagerIntegration, SecurityContextHolder, HeaderWriter, Cors, Logout, OAuth2AuthorizationRequestRedirect, OAuth2LoginAuthentication, DefaultResources, DefaultLoginPageGenerating, DefaultLogoutPageGenerating, RequestCacheAware, SecurityContextHolderAwareRequest, AnonymousAuthentication, SessionManagement, ExceptionTranslation, Authorization] (1/2)
2025-09-18T12:46:36.907+05:30 TRACE 21564 --- [BarkBuddy_BackEnd] [http-nio-8080-exec-4] o.s.security.web.FilterChainProxy        : Trying to match request against DefaultSecurityFilterChain defined as 'apiSecurityFilterChain' in [class path resource [com/example/barkbuddy_backend/config/SecurityConfig.class]] matching [Or [Mvc [pattern='/**']]] and having filters [DisableEncodeUrl, WebAsyncManagerIntegration, SecurityContextHolder, HeaderWriter, Cors, Logout, JWTAuth, RequestCacheAware, SecurityContextHolderAwareRequest, AnonymousAuthentication, SessionManagement, ExceptionTranslation, Authorization] (2/2)
2025-09-18T12:46:36.907+05:30 DEBUG 21564 --- [BarkBuddy_BackEnd] [http-nio-8080-exec-4] o.s.security.web.FilterChainProxy        : Securing OPTIONS /api/user-chat/conversation/1/3
2025-09-18T12:46:36.907+05:30 TRACE 21564 --- [BarkBuddy_BackEnd] [http-nio-8080-exec-4] o.s.security.web.FilterChainProxy        : Invoking DisableEncodeUrlFilter (1/13)
2025-09-18T12:46:36.907+05:30 TRACE 21564 --- [BarkBuddy_BackEnd] [http-nio-8080-exec-4] o.s.security.web.FilterChainProxy        : Invoking WebAsyncManagerIntegrationFilter (2/13)
2025-09-18T12:46:36.907+05:30 TRACE 21564 --- [BarkBuddy_BackEnd] [http-nio-8080-exec-4] o.s.security.web.FilterChainProxy        : Invoking SecurityContextHolderFilter (3/13)
2025-09-18T12:46:36.907+05:30 TRACE 21564 --- [BarkBuddy_BackEnd] [http-nio-8080-exec-4] o.s.security.web.FilterChainProxy        : Invoking HeaderWriterFilter (4/13)
2025-09-18T12:46:36.907+05:30 TRACE 21564 --- [BarkBuddy_BackEnd] [http-nio-8080-exec-4] o.s.security.web.FilterChainProxy        : Invoking CorsFilter (5/13)
2025-09-18T12:46:36.908+05:30 TRACE 21564 --- [BarkBuddy_BackEnd] [http-nio-8080-exec-4] o.s.s.w.header.writers.HstsHeaderWriter  : Not injecting HSTS header since it did not match request to [Is Secure]
2025-09-18T12:46:36.912+05:30 TRACE 21564 --- [BarkBuddy_BackEnd] [http-nio-8080-exec-9] o.s.security.web.FilterChainProxy        : Trying to match request against DefaultSecurityFilterChain defined as 'oauth2SecurityFilterChain' in [class path resource [com/example/barkbuddy_backend/config/SecurityConfig.class]] matching [Or [Mvc [pattern='/oauth2/**'], Mvc [pattern='/login/oauth2/**'], Mvc [pattern='/oauth2/success']]] and having filters [DisableEncodeUrl, WebAsyncManagerIntegration, SecurityContextHolder, HeaderWriter, Cors, Logout, OAuth2AuthorizationRequestRedirect, OAuth2LoginAuthentication, DefaultResources, DefaultLoginPageGenerating, DefaultLogoutPageGenerating, RequestCacheAware, SecurityContextHolderAwareRequest, AnonymousAuthentication, SessionManagement, ExceptionTranslation, Authorization] (1/2)
2025-09-18T12:46:36.913+05:30 TRACE 21564 --- [BarkBuddy_BackEnd] [http-nio-8080-exec-9] o.s.security.web.FilterChainProxy        : Trying to match request against DefaultSecurityFilterChain defined as 'apiSecurityFilterChain' in [class path resource [com/example/barkbuddy_backend/config/SecurityConfig.class]] matching [Or [Mvc [pattern='/**']]] and having filters [DisableEncodeUrl, WebAsyncManagerIntegration, SecurityContextHolder, HeaderWriter, Cors, Logout, JWTAuth, RequestCacheAware, SecurityContextHolderAwareRequest, AnonymousAuthentication, SessionManagement, ExceptionTranslation, Authorization] (2/2)
2025-09-18T12:46:36.913+05:30 DEBUG 21564 --- [BarkBuddy_BackEnd] [http-nio-8080-exec-9] o.s.security.web.FilterChainProxy        : Securing GET /api/user-chat/conversation/1/3
2025-09-18T12:46:36.913+05:30 TRACE 21564 --- [BarkBuddy_BackEnd] [http-nio-8080-exec-9] o.s.security.web.FilterChainProxy        : Invoking DisableEncodeUrlFilter (1/13)
2025-09-18T12:46:36.913+05:30 TRACE 21564 --- [BarkBuddy_BackEnd] [http-nio-8080-exec-9] o.s.security.web.FilterChainProxy        : Invoking WebAsyncManagerIntegrationFilter (2/13)
2025-09-18T12:46:36.914+05:30 TRACE 21564 --- [BarkBuddy_BackEnd] [http-nio-8080-exec-9] o.s.security.web.FilterChainProxy        : Invoking SecurityContextHolderFilter (3/13)
2025-09-18T12:46:36.914+05:30 TRACE 21564 --- [BarkBuddy_BackEnd] [http-nio-8080-exec-9] o.s.security.web.FilterChainProxy        : Invoking HeaderWriterFilter (4/13)
2025-09-18T12:46:36.914+05:30 TRACE 21564 --- [BarkBuddy_BackEnd] [http-nio-8080-exec-9] o.s.security.web.FilterChainProxy        : Invoking CorsFilter (5/13)
2025-09-18T12:46:36.915+05:30 TRACE 21564 --- [BarkBuddy_BackEnd] [http-nio-8080-exec-9] o.s.security.web.FilterChainProxy        : Invoking LogoutFilter (6/13)
2025-09-18T12:46:36.915+05:30 TRACE 21564 --- [BarkBuddy_BackEnd] [http-nio-8080-exec-9] o.s.s.w.a.logout.LogoutFilter            : Did not match request to Or [Ant [pattern='/logout', GET], Ant [pattern='/logout', POST], Ant [pattern='/logout', PUT], Ant [pattern='/logout', DELETE]]
2025-09-18T12:46:36.915+05:30 TRACE 21564 --- [BarkBuddy_BackEnd] [http-nio-8080-exec-9] o.s.security.web.FilterChainProxy        : Invoking JWTAuthFilter (7/13)
2025-09-18T12:46:36.922+05:30 TRACE 21564 --- [BarkBuddy_BackEnd] [http-nio-8080-exec-9] .s.s.w.c.SupplierDeferredSecurityContext : Created SecurityContextImpl [Null authentication]
2025-09-18T12:46:36.930+05:30 TRACE 21564 --- [BarkBuddy_BackEnd] [http-nio-8080-exec-9] o.s.security.web.FilterChainProxy        : Invoking RequestCacheAwareFilter (8/13)
2025-09-18T12:46:36.931+05:30 TRACE 21564 --- [BarkBuddy_BackEnd] [http-nio-8080-exec-9] o.s.security.web.FilterChainProxy        : Invoking SecurityContextHolderAwareRequestFilter (9/13)
2025-09-18T12:46:36.931+05:30 TRACE 21564 --- [BarkBuddy_BackEnd] [http-nio-8080-exec-9] o.s.security.web.FilterChainProxy        : Invoking AnonymousAuthenticationFilter (10/13)
2025-09-18T12:46:36.931+05:30 TRACE 21564 --- [BarkBuddy_BackEnd] [http-nio-8080-exec-9] o.s.security.web.FilterChainProxy        : Invoking SessionManagementFilter (11/13)
2025-09-18T12:46:36.932+05:30 TRACE 21564 --- [BarkBuddy_BackEnd] [http-nio-8080-exec-9] o.s.s.w.a.AnonymousAuthenticationFilter  : Did not set SecurityContextHolder since already authenticated UsernamePasswordAuthenticationToken [Principal=amandasathsarani03@gmail.com, Credentials=[PROTECTED], Authenticated=true, Details=WebAuthenticationDetails [RemoteIpAddress=0:0:0:0:0:0:0:1, SessionId=null], Granted Authorities=[ROLE_USER]]
2025-09-18T12:46:36.932+05:30 TRACE 21564 --- [BarkBuddy_BackEnd] [http-nio-8080-exec-9] s.CompositeSessionAuthenticationStrategy : Preparing session with ChangeSessionIdAuthenticationStrategy (1/1)
2025-09-18T12:46:36.932+05:30 TRACE 21564 --- [BarkBuddy_BackEnd] [http-nio-8080-exec-9] o.s.security.web.FilterChainProxy        : Invoking ExceptionTranslationFilter (12/13)
2025-09-18T12:46:36.932+05:30 TRACE 21564 --- [BarkBuddy_BackEnd] [http-nio-8080-exec-9] o.s.security.web.FilterChainProxy        : Invoking AuthorizationFilter (13/13)
2025-09-18T12:46:36.933+05:30 TRACE 21564 --- [BarkBuddy_BackEnd] [http-nio-8080-exec-9] estMatcherDelegatingAuthorizationManager : Authorizing GET /api/user-chat/conversation/1/3
2025-09-18T12:46:36.933+05:30 TRACE 21564 --- [BarkBuddy_BackEnd] [http-nio-8080-exec-9] estMatcherDelegatingAuthorizationManager : Checking authorization on GET /api/user-chat/conversation/1/3 using org.springframework.security.authorization.AuthenticatedAuthorizationManager@de11dd1
2025-09-18T12:46:36.933+05:30 DEBUG 21564 --- [BarkBuddy_BackEnd] [http-nio-8080-exec-9] o.s.security.web.FilterChainProxy        : Secured GET /api/user-chat/conversation/1/3
2025-09-18T12:46:36.933+05:30 DEBUG 21564 --- [BarkBuddy_BackEnd] [http-nio-8080-exec-9] o.s.web.servlet.DispatcherServlet        : GET "/api/user-chat/conversation/1/3", parameters={}
2025-09-18T12:46:36.934+05:30 DEBUG 21564 --- [BarkBuddy_BackEnd] [http-nio-8080-exec-9] s.w.s.m.m.a.RequestMappingHandlerMapping : Mapped to com.example.barkbuddy_backend.controller.UserChatController#getConversation(String, Long, Long)
2025-09-18T12:46:36.948+05:30 DEBUG 21564 --- [BarkBuddy_BackEnd] [http-nio-8080-exec-9] o.s.w.s.m.m.a.HttpEntityMethodProcessor  : Using 'application/json', given [*/*] and supported [application/json, application/*+json]
2025-09-18T12:46:36.948+05:30 DEBUG 21564 --- [BarkBuddy_BackEnd] [http-nio-8080-exec-9] o.s.w.s.m.m.a.HttpEntityMethodProcessor  : Writing [[ChatMessage(id=1, dogId=1, senderId=2, receiverId=3, content=Hi, can i get vaccination details abou (truncated)...]
2025-09-18T12:46:36.949+05:30 TRACE 21564 --- [BarkBuddy_BackEnd] [http-nio-8080-exec-9] o.s.s.w.header.writers.HstsHeaderWriter  : Not injecting HSTS header since it did not match request to [Is Secure]
2025-09-18T12:46:36.950+05:30 DEBUG 21564 --- [BarkBuddy_BackEnd] [http-nio-8080-exec-9] o.s.web.servlet.DispatcherServlet        : Completed 200 OK
2025-09-18T12:46:45.134+05:30 TRACE 21564 --- [BarkBuddy_BackEnd] [http-nio-8080-exec-3] o.s.security.web.FilterChainProxy        : Trying to match request against DefaultSecurityFilterChain defined as 'oauth2SecurityFilterChain' in [class path resource [com/example/barkbuddy_backend/config/SecurityConfig.class]] matching [Or [Mvc [pattern='/oauth2/**'], Mvc [pattern='/login/oauth2/**'], Mvc [pattern='/oauth2/success']]] and having filters [DisableEncodeUrl, WebAsyncManagerIntegration, SecurityContextHolder, HeaderWriter, Cors, Logout, OAuth2AuthorizationRequestRedirect, OAuth2LoginAuthentication, DefaultResources, DefaultLoginPageGenerating, DefaultLogoutPageGenerating, RequestCacheAware, SecurityContextHolderAwareRequest, AnonymousAuthentication, SessionManagement, ExceptionTranslation, Authorization] (1/2)
2025-09-18T12:46:45.134+05:30 TRACE 21564 --- [BarkBuddy_BackEnd] [http-nio-8080-exec-3] o.s.security.web.FilterChainProxy        : Trying to match request against DefaultSecurityFilterChain defined as 'apiSecurityFilterChain' in [class path resource [com/example/barkbuddy_backend/config/SecurityConfig.class]] matching [Or [Mvc [pattern='/**']]] and having filters [DisableEncodeUrl, WebAsyncManagerIntegration, SecurityContextHolder, HeaderWriter, Cors, Logout, JWTAuth, RequestCacheAware, SecurityContextHolderAwareRequest, AnonymousAuthentication, SessionManagement, ExceptionTranslation, Authorization] (2/2)
2025-09-18T12:46:45.134+05:30 DEBUG 21564 --- [BarkBuddy_BackEnd] [http-nio-8080-exec-3] o.s.security.web.FilterChainProxy        : Securing OPTIONS /api/user-chat/conversation/1/3
2025-09-18T12:46:45.134+05:30 TRACE 21564 --- [BarkBuddy_BackEnd] [http-nio-8080-exec-3] o.s.security.web.FilterChainProxy        : Invoking DisableEncodeUrlFilter (1/13)
2025-09-18T12:46:45.134+05:30 TRACE 21564 --- [BarkBuddy_BackEnd] [http-nio-8080-exec-3] o.s.security.web.FilterChainProxy        : Invoking WebAsyncManagerIntegrationFilter (2/13)
2025-09-18T12:46:45.134+05:30 TRACE 21564 --- [BarkBuddy_BackEnd] [http-nio-8080-exec-3] o.s.security.web.FilterChainProxy        : Invoking SecurityContextHolderFilter (3/13)
2025-09-18T12:46:45.136+05:30 TRACE 21564 --- [BarkBuddy_BackEnd] [http-nio-8080-exec-3] o.s.security.web.FilterChainProxy        : Invoking HeaderWriterFilter (4/13)
2025-09-18T12:46:45.136+05:30 TRACE 21564 --- [BarkBuddy_BackEnd] [http-nio-8080-exec-3] o.s.security.web.FilterChainProxy        : Invoking CorsFilter (5/13)
2025-09-18T12:46:45.136+05:30 TRACE 21564 --- [BarkBuddy_BackEnd] [http-nio-8080-exec-7] o.s.security.web.FilterChainProxy        : Trying to match request against DefaultSecurityFilterChain defined as 'oauth2SecurityFilterChain' in [class path resource [com/example/barkbuddy_backend/config/SecurityConfig.class]] matching [Or [Mvc [pattern='/oauth2/**'], Mvc [pattern='/login/oauth2/**'], Mvc [pattern='/oauth2/success']]] and having filters [DisableEncodeUrl, WebAsyncManagerIntegration, SecurityContextHolder, HeaderWriter, Cors, Logout, OAuth2AuthorizationRequestRedirect, OAuth2LoginAuthentication, DefaultResources, DefaultLoginPageGenerating, DefaultLogoutPageGenerating, RequestCacheAware, SecurityContextHolderAwareRequest, AnonymousAuthentication, SessionManagement, ExceptionTranslation, Authorization] (1/2)
2025-09-18T12:46:45.137+05:30 TRACE 21564 --- [BarkBuddy_BackEnd] [http-nio-8080-exec-7] o.s.security.web.FilterChainProxy        : Trying to match request against DefaultSecurityFilterChain defined as 'apiSecurityFilterChain' in [class path resource [com/example/barkbuddy_backend/config/SecurityConfig.class]] matching [Or [Mvc [pattern='/**']]] and having filters [DisableEncodeUrl, WebAsyncManagerIntegration, SecurityContextHolder, HeaderWriter, Cors, Logout, JWTAuth, RequestCacheAware, SecurityContextHolderAwareRequest, AnonymousAuthentication, SessionManagement, ExceptionTranslation, Authorization] (2/2)
2025-09-18T12:46:45.137+05:30 DEBUG 21564 --- [BarkBuddy_BackEnd] [http-nio-8080-exec-7] o.s.security.web.FilterChainProxy        : Securing OPTIONS /api/user-chat/conversations
2025-09-18T12:46:45.137+05:30 TRACE 21564 --- [BarkBuddy_BackEnd] [http-nio-8080-exec-7] o.s.security.web.FilterChainProxy        : Invoking DisableEncodeUrlFilter (1/13)
2025-09-18T12:46:45.137+05:30 TRACE 21564 --- [BarkBuddy_BackEnd] [http-nio-8080-exec-7] o.s.security.web.FilterChainProxy        : Invoking WebAsyncManagerIntegrationFilter (2/13)
2025-09-18T12:46:45.137+05:30 TRACE 21564 --- [BarkBuddy_BackEnd] [http-nio-8080-exec-3] o.s.s.w.header.writers.HstsHeaderWriter  : Not injecting HSTS header since it did not match request to [Is Secure]
2025-09-18T12:46:45.137+05:30 TRACE 21564 --- [BarkBuddy_BackEnd] [http-nio-8080-exec-7] o.s.security.web.FilterChainProxy        : Invoking SecurityContextHolderFilter (3/13)
2025-09-18T12:46:45.137+05:30 TRACE 21564 --- [BarkBuddy_BackEnd] [http-nio-8080-exec-7] o.s.security.web.FilterChainProxy        : Invoking HeaderWriterFilter (4/13)
2025-09-18T12:46:45.137+05:30 TRACE 21564 --- [BarkBuddy_BackEnd] [http-nio-8080-exec-7] o.s.security.web.FilterChainProxy        : Invoking CorsFilter (5/13)
2025-09-18T12:46:45.138+05:30 TRACE 21564 --- [BarkBuddy_BackEnd] [http-nio-8080-exec-7] o.s.s.w.header.writers.HstsHeaderWriter  : Not injecting HSTS header since it did not match request to [Is Secure]
2025-09-18T12:46:45.139+05:30 TRACE 21564 --- [BarkBuddy_BackEnd] [http-nio-8080-exec-7] o.s.security.web.FilterChainProxy        : Trying to match request against DefaultSecurityFilterChain defined as 'oauth2SecurityFilterChain' in [class path resource [com/example/barkbuddy_backend/config/SecurityConfig.class]] matching [Or [Mvc [pattern='/oauth2/**'], Mvc [pattern='/login/oauth2/**'], Mvc [pattern='/oauth2/success']]] and having filters [DisableEncodeUrl, WebAsyncManagerIntegration, SecurityContextHolder, HeaderWriter, Cors, Logout, OAuth2AuthorizationRequestRedirect, OAuth2LoginAuthentication, DefaultResources, DefaultLoginPageGenerating, DefaultLogoutPageGenerating, RequestCacheAware, SecurityContextHolderAwareRequest, AnonymousAuthentication, SessionManagement, ExceptionTranslation, Authorization] (1/2)
2025-09-18T12:46:45.139+05:30 TRACE 21564 --- [BarkBuddy_BackEnd] [http-nio-8080-exec-7] o.s.security.web.FilterChainProxy        : Trying to match request against DefaultSecurityFilterChain defined as 'apiSecurityFilterChain' in [class path resource [com/example/barkbuddy_backend/config/SecurityConfig.class]] matching [Or [Mvc [pattern='/**']]] and having filters [DisableEncodeUrl, WebAsyncManagerIntegration, SecurityContextHolder, HeaderWriter, Cors, Logout, JWTAuth, RequestCacheAware, SecurityContextHolderAwareRequest, AnonymousAuthentication, SessionManagement, ExceptionTranslation, Authorization] (2/2)
2025-09-18T12:46:45.140+05:30 DEBUG 21564 --- [BarkBuddy_BackEnd] [http-nio-8080-exec-7] o.s.security.web.FilterChainProxy        : Securing GET /api/user-chat/conversation/1/3
2025-09-18T12:46:45.140+05:30 TRACE 21564 --- [BarkBuddy_BackEnd] [http-nio-8080-exec-7] o.s.security.web.FilterChainProxy        : Invoking DisableEncodeUrlFilter (1/13)
2025-09-18T12:46:45.140+05:30 TRACE 21564 --- [BarkBuddy_BackEnd] [http-nio-8080-exec-7] o.s.security.web.FilterChainProxy        : Invoking WebAsyncManagerIntegrationFilter (2/13)
2025-09-18T12:46:45.140+05:30 TRACE 21564 --- [BarkBuddy_BackEnd] [http-nio-8080-exec-7] o.s.security.web.FilterChainProxy        : Invoking SecurityContextHolderFilter (3/13)
2025-09-18T12:46:45.140+05:30 TRACE 21564 --- [BarkBuddy_BackEnd] [http-nio-8080-exec-1] o.s.security.web.FilterChainProxy        : Trying to match request against DefaultSecurityFilterChain defined as 'oauth2SecurityFilterChain' in [class path resource [com/example/barkbuddy_backend/config/SecurityConfig.class]] matching [Or [Mvc [pattern='/oauth2/**'], Mvc [pattern='/login/oauth2/**'], Mvc [pattern='/oauth2/success']]] and having filters [DisableEncodeUrl, WebAsyncManagerIntegration, SecurityContextHolder, HeaderWriter, Cors, Logout, OAuth2AuthorizationRequestRedirect, OAuth2LoginAuthentication, DefaultResources, DefaultLoginPageGenerating, DefaultLogoutPageGenerating, RequestCacheAware, SecurityContextHolderAwareRequest, AnonymousAuthentication, SessionManagement, ExceptionTranslation, Authorization] (1/2)
2025-09-18T12:46:45.140+05:30 TRACE 21564 --- [BarkBuddy_BackEnd] [http-nio-8080-exec-7] o.s.security.web.FilterChainProxy        : Invoking HeaderWriterFilter (4/13)
2025-09-18T12:46:45.140+05:30 TRACE 21564 --- [BarkBuddy_BackEnd] [http-nio-8080-exec-1] o.s.security.web.FilterChainProxy        : Trying to match request against DefaultSecurityFilterChain defined as 'apiSecurityFilterChain' in [class path resource [com/example/barkbuddy_backend/config/SecurityConfig.class]] matching [Or [Mvc [pattern='/**']]] and having filters [DisableEncodeUrl, WebAsyncManagerIntegration, SecurityContextHolder, HeaderWriter, Cors, Logout, JWTAuth, RequestCacheAware, SecurityContextHolderAwareRequest, AnonymousAuthentication, SessionManagement, ExceptionTranslation, Authorization] (2/2)
2025-09-18T12:46:45.141+05:30 TRACE 21564 --- [BarkBuddy_BackEnd] [http-nio-8080-exec-7] o.s.security.web.FilterChainProxy        : Invoking CorsFilter (5/13)
2025-09-18T12:46:45.141+05:30 DEBUG 21564 --- [BarkBuddy_BackEnd] [http-nio-8080-exec-1] o.s.security.web.FilterChainProxy        : Securing GET /api/user-chat/conversations
2025-09-18T12:46:45.141+05:30 TRACE 21564 --- [BarkBuddy_BackEnd] [http-nio-8080-exec-1] o.s.security.web.FilterChainProxy        : Invoking DisableEncodeUrlFilter (1/13)
2025-09-18T12:46:45.141+05:30 TRACE 21564 --- [BarkBuddy_BackEnd] [http-nio-8080-exec-1] o.s.security.web.FilterChainProxy        : Invoking WebAsyncManagerIntegrationFilter (2/13)
2025-09-18T12:46:45.141+05:30 TRACE 21564 --- [BarkBuddy_BackEnd] [http-nio-8080-exec-1] o.s.security.web.FilterChainProxy        : Invoking SecurityContextHolderFilter (3/13)
2025-09-18T12:46:45.141+05:30 TRACE 21564 --- [BarkBuddy_BackEnd] [http-nio-8080-exec-1] o.s.security.web.FilterChainProxy        : Invoking HeaderWriterFilter (4/13)
2025-09-18T12:46:45.141+05:30 TRACE 21564 --- [BarkBuddy_BackEnd] [http-nio-8080-exec-7] o.s.security.web.FilterChainProxy        : Invoking LogoutFilter (6/13)
2025-09-18T12:46:45.141+05:30 TRACE 21564 --- [BarkBuddy_BackEnd] [http-nio-8080-exec-7] o.s.s.w.a.logout.LogoutFilter            : Did not match request to Or [Ant [pattern='/logout', GET], Ant [pattern='/logout', POST], Ant [pattern='/logout', PUT], Ant [pattern='/logout', DELETE]]
2025-09-18T12:46:45.141+05:30 TRACE 21564 --- [BarkBuddy_BackEnd] [http-nio-8080-exec-1] o.s.security.web.FilterChainProxy        : Invoking CorsFilter (5/13)
2025-09-18T12:46:45.142+05:30 TRACE 21564 --- [BarkBuddy_BackEnd] [http-nio-8080-exec-7] o.s.security.web.FilterChainProxy        : Invoking JWTAuthFilter (7/13)
2025-09-18T12:46:45.142+05:30 TRACE 21564 --- [BarkBuddy_BackEnd] [http-nio-8080-exec-1] o.s.security.web.FilterChainProxy        : Invoking LogoutFilter (6/13)
2025-09-18T12:46:45.142+05:30 TRACE 21564 --- [BarkBuddy_BackEnd] [http-nio-8080-exec-1] o.s.s.w.a.logout.LogoutFilter            : Did not match request to Or [Ant [pattern='/logout', GET], Ant [pattern='/logout', POST], Ant [pattern='/logout', PUT], Ant [pattern='/logout', DELETE]]
2025-09-18T12:46:45.142+05:30 TRACE 21564 --- [BarkBuddy_BackEnd] [http-nio-8080-exec-1] o.s.security.web.FilterChainProxy        : Invoking JWTAuthFilter (7/13)
2025-09-18T12:46:45.145+05:30 TRACE 21564 --- [BarkBuddy_BackEnd] [http-nio-8080-exec-7] .s.s.w.c.SupplierDeferredSecurityContext : Created SecurityContextImpl [Null authentication]
2025-09-18T12:46:45.146+05:30 TRACE 21564 --- [BarkBuddy_BackEnd] [http-nio-8080-exec-1] .s.s.w.c.SupplierDeferredSecurityContext : Created SecurityContextImpl [Null authentication]
2025-09-18T12:46:45.153+05:30 TRACE 21564 --- [BarkBuddy_BackEnd] [http-nio-8080-exec-7] o.s.security.web.FilterChainProxy        : Invoking RequestCacheAwareFilter (8/13)
2025-09-18T12:46:45.154+05:30 TRACE 21564 --- [BarkBuddy_BackEnd] [http-nio-8080-exec-7] o.s.security.web.FilterChainProxy        : Invoking SecurityContextHolderAwareRequestFilter (9/13)
2025-09-18T12:46:45.154+05:30 TRACE 21564 --- [BarkBuddy_BackEnd] [http-nio-8080-exec-7] o.s.security.web.FilterChainProxy        : Invoking AnonymousAuthenticationFilter (10/13)
2025-09-18T12:46:45.154+05:30 TRACE 21564 --- [BarkBuddy_BackEnd] [http-nio-8080-exec-7] o.s.security.web.FilterChainProxy        : Invoking SessionManagementFilter (11/13)
2025-09-18T12:46:45.154+05:30 TRACE 21564 --- [BarkBuddy_BackEnd] [http-nio-8080-exec-1] o.s.security.web.FilterChainProxy        : Invoking RequestCacheAwareFilter (8/13)
2025-09-18T12:46:45.154+05:30 TRACE 21564 --- [BarkBuddy_BackEnd] [http-nio-8080-exec-7] o.s.s.w.a.AnonymousAuthenticationFilter  : Did not set SecurityContextHolder since already authenticated UsernamePasswordAuthenticationToken [Principal=amandasathsarani03@gmail.com, Credentials=[PROTECTED], Authenticated=true, Details=WebAuthenticationDetails [RemoteIpAddress=0:0:0:0:0:0:0:1, SessionId=null], Granted Authorities=[ROLE_USER]]
2025-09-18T12:46:45.154+05:30 TRACE 21564 --- [BarkBuddy_BackEnd] [http-nio-8080-exec-1] o.s.security.web.FilterChainProxy        : Invoking SecurityContextHolderAwareRequestFilter (9/13)
2025-09-18T12:46:45.154+05:30 TRACE 21564 --- [BarkBuddy_BackEnd] [http-nio-8080-exec-1] o.s.security.web.FilterChainProxy        : Invoking AnonymousAuthenticationFilter (10/13)
2025-09-18T12:46:45.154+05:30 TRACE 21564 --- [BarkBuddy_BackEnd] [http-nio-8080-exec-1] o.s.security.web.FilterChainProxy        : Invoking SessionManagementFilter (11/13)
2025-09-18T12:46:45.154+05:30 TRACE 21564 --- [BarkBuddy_BackEnd] [http-nio-8080-exec-1] o.s.s.w.a.AnonymousAuthenticationFilter  : Did not set SecurityContextHolder since already authenticated UsernamePasswordAuthenticationToken [Principal=amandasathsarani03@gmail.com, Credentials=[PROTECTED], Authenticated=true, Details=WebAuthenticationDetails [RemoteIpAddress=0:0:0:0:0:0:0:1, SessionId=null], Granted Authorities=[ROLE_USER]]
2025-09-18T12:46:45.154+05:30 TRACE 21564 --- [BarkBuddy_BackEnd] [http-nio-8080-exec-1] s.CompositeSessionAuthenticationStrategy : Preparing session with ChangeSessionIdAuthenticationStrategy (1/1)
2025-09-18T12:46:45.154+05:30 TRACE 21564 --- [BarkBuddy_BackEnd] [http-nio-8080-exec-1] o.s.security.web.FilterChainProxy        : Invoking ExceptionTranslationFilter (12/13)
2025-09-18T12:46:45.154+05:30 TRACE 21564 --- [BarkBuddy_BackEnd] [http-nio-8080-exec-7] s.CompositeSessionAuthenticationStrategy : Preparing session with ChangeSessionIdAuthenticationStrategy (1/1)
2025-09-18T12:46:45.154+05:30 TRACE 21564 --- [BarkBuddy_BackEnd] [http-nio-8080-exec-1] o.s.security.web.FilterChainProxy        : Invoking AuthorizationFilter (13/13)
2025-09-18T12:46:45.155+05:30 TRACE 21564 --- [BarkBuddy_BackEnd] [http-nio-8080-exec-7] o.s.security.web.FilterChainProxy        : Invoking ExceptionTranslationFilter (12/13)
2025-09-18T12:46:45.155+05:30 TRACE 21564 --- [BarkBuddy_BackEnd] [http-nio-8080-exec-7] o.s.security.web.FilterChainProxy        : Invoking AuthorizationFilter (13/13)
2025-09-18T12:46:45.155+05:30 TRACE 21564 --- [BarkBuddy_BackEnd] [http-nio-8080-exec-1] estMatcherDelegatingAuthorizationManager : Authorizing GET /api/user-chat/conversations
2025-09-18T12:46:45.155+05:30 TRACE 21564 --- [BarkBuddy_BackEnd] [http-nio-8080-exec-7] estMatcherDelegatingAuthorizationManager : Authorizing GET /api/user-chat/conversation/1/3
2025-09-18T12:46:45.155+05:30 TRACE 21564 --- [BarkBuddy_BackEnd] [http-nio-8080-exec-7] estMatcherDelegatingAuthorizationManager : Checking authorization on GET /api/user-chat/conversation/1/3 using org.springframework.security.authorization.AuthenticatedAuthorizationManager@de11dd1
2025-09-18T12:46:45.155+05:30 TRACE 21564 --- [BarkBuddy_BackEnd] [http-nio-8080-exec-1] estMatcherDelegatingAuthorizationManager : Checking authorization on GET /api/user-chat/conversations using org.springframework.security.authorization.AuthenticatedAuthorizationManager@de11dd1
2025-09-18T12:46:45.155+05:30 DEBUG 21564 --- [BarkBuddy_BackEnd] [http-nio-8080-exec-7] o.s.security.web.FilterChainProxy        : Secured GET /api/user-chat/conversation/1/3
2025-09-18T12:46:45.155+05:30 DEBUG 21564 --- [BarkBuddy_BackEnd] [http-nio-8080-exec-1] o.s.security.web.FilterChainProxy        : Secured GET /api/user-chat/conversations
2025-09-18T12:46:45.155+05:30 DEBUG 21564 --- [BarkBuddy_BackEnd] [http-nio-8080-exec-7] o.s.web.servlet.DispatcherServlet        : GET "/api/user-chat/conversation/1/3", parameters={}
2025-09-18T12:46:45.155+05:30 DEBUG 21564 --- [BarkBuddy_BackEnd] [http-nio-8080-exec-1] o.s.web.servlet.DispatcherServlet        : GET "/api/user-chat/conversations", parameters={}
2025-09-18T12:46:45.155+05:30 DEBUG 21564 --- [BarkBuddy_BackEnd] [http-nio-8080-exec-7] s.w.s.m.m.a.RequestMappingHandlerMapping : Mapped to com.example.barkbuddy_backend.controller.UserChatController#getConversation(String, Long, Long)
2025-09-18T12:46:45.156+05:30 DEBUG 21564 --- [BarkBuddy_BackEnd] [http-nio-8080-exec-1] s.w.s.m.m.a.RequestMappingHandlerMapping : Mapped to com.example.barkbuddy_backend.controller.UserChatController#listConversations(String)
2025-09-18T12:46:45.163+05:30 DEBUG 21564 --- [BarkBuddy_BackEnd] [http-nio-8080-exec-7] o.s.w.s.m.m.a.HttpEntityMethodProcessor  : Using 'application/json', given [*/*] and supported [application/json, application/*+json]
2025-09-18T12:46:45.163+05:30 DEBUG 21564 --- [BarkBuddy_BackEnd] [http-nio-8080-exec-7] o.s.w.s.m.m.a.HttpEntityMethodProcessor  : Writing [[ChatMessage(id=1, dogId=1, senderId=2, receiverId=3, content=Hi, can i get vaccination details abou (truncated)...]
2025-09-18T12:46:45.164+05:30 TRACE 21564 --- [BarkBuddy_BackEnd] [http-nio-8080-exec-7] o.s.s.w.header.writers.HstsHeaderWriter  : Not injecting HSTS header since it did not match request to [Is Secure]
2025-09-18T12:46:45.165+05:30 DEBUG 21564 --- [BarkBuddy_BackEnd] [http-nio-8080-exec-7] o.s.web.servlet.DispatcherServlet        : Completed 200 OK
2025-09-18T12:46:45.213+05:30 DEBUG 21564 --- [BarkBuddy_BackEnd] [http-nio-8080-exec-1] o.s.w.s.m.m.a.HttpEntityMethodProcessor  : Using 'application/json', given [*/*] and supported [application/json, application/*+json]
2025-09-18T12:46:45.213+05:30 DEBUG 21564 --- [BarkBuddy_BackEnd] [http-nio-8080-exec-1] o.s.w.s.m.m.a.HttpEntityMethodProcessor  : Writing [[ChatConversationDTO(dogId=1, dogName=Toby, otherUserId=3, otherUsername=Nethmi Nanayakkara, lastMes (truncated)...]
2025-09-18T12:46:45.214+05:30 TRACE 21564 --- [BarkBuddy_BackEnd] [http-nio-8080-exec-1] o.s.s.w.header.writers.HstsHeaderWriter  : Not injecting HSTS header since it did not match request to [Is Secure]
2025-09-18T12:46:45.214+05:30 DEBUG 21564 --- [BarkBuddy_BackEnd] [http-nio-8080-exec-1] o.s.web.servlet.DispatcherServlet        : Completed 200 OK
2025-09-18T12:46:54.052+05:30 TRACE 21564 --- [BarkBuddy_BackEnd] [http-nio-8080-exec-2] o.s.security.web.FilterChainProxy        : Trying to match request against DefaultSecurityFilterChain defined as 'oauth2SecurityFilterChain' in [class path resource [com/example/barkbuddy_backend/config/SecurityConfig.class]] matching [Or [Mvc [pattern='/oauth2/**'], Mvc [pattern='/login/oauth2/**'], Mvc [pattern='/oauth2/success']]] and having filters [DisableEncodeUrl, WebAsyncManagerIntegration, SecurityContextHolder, HeaderWriter, Cors, Logout, OAuth2AuthorizationRequestRedirect, OAuth2LoginAuthentication, DefaultResources, DefaultLoginPageGenerating, DefaultLogoutPageGenerating, RequestCacheAware, SecurityContextHolderAwareRequest, AnonymousAuthentication, SessionManagement, ExceptionTranslation, Authorization] (1/2)
2025-09-18T12:46:54.052+05:30 TRACE 21564 --- [BarkBuddy_BackEnd] [http-nio-8080-exec-2] o.s.security.web.FilterChainProxy        : Trying to match request against DefaultSecurityFilterChain defined as 'apiSecurityFilterChain' in [class path resource [com/example/barkbuddy_backend/config/SecurityConfig.class]] matching [Or [Mvc [pattern='/**']]] and having filters [DisableEncodeUrl, WebAsyncManagerIntegration, SecurityContextHolder, HeaderWriter, Cors, Logout, JWTAuth, RequestCacheAware, SecurityContextHolderAwareRequest, AnonymousAuthentication, SessionManagement, ExceptionTranslation, Authorization] (2/2)
2025-09-18T12:46:54.052+05:30 DEBUG 21564 --- [BarkBuddy_BackEnd] [http-nio-8080-exec-2] o.s.security.web.FilterChainProxy        : Securing OPTIONS /api/dogs
2025-09-18T12:46:54.052+05:30 TRACE 21564 --- [BarkBuddy_BackEnd] [http-nio-8080-exec-2] o.s.security.web.FilterChainProxy        : Invoking DisableEncodeUrlFilter (1/13)
2025-09-18T12:46:54.052+05:30 TRACE 21564 --- [BarkBuddy_BackEnd] [http-nio-8080-exec-2] o.s.security.web.FilterChainProxy        : Invoking WebAsyncManagerIntegrationFilter (2/13)
2025-09-18T12:46:54.052+05:30 TRACE 21564 --- [BarkBuddy_BackEnd] [http-nio-8080-exec-2] o.s.security.web.FilterChainProxy        : Invoking SecurityContextHolderFilter (3/13)
2025-09-18T12:46:54.052+05:30 TRACE 21564 --- [BarkBuddy_BackEnd] [http-nio-8080-exec-2] o.s.security.web.FilterChainProxy        : Invoking HeaderWriterFilter (4/13)
2025-09-18T12:46:54.052+05:30 TRACE 21564 --- [BarkBuddy_BackEnd] [http-nio-8080-exec-2] o.s.security.web.FilterChainProxy        : Invoking CorsFilter (5/13)
2025-09-18T12:46:54.054+05:30 TRACE 21564 --- [BarkBuddy_BackEnd] [http-nio-8080-exec-2] o.s.s.w.header.writers.HstsHeaderWriter  : Not injecting HSTS header since it did not match request to [Is Secure]
2025-09-18T12:46:54.055+05:30 TRACE 21564 --- [BarkBuddy_BackEnd] [http-nio-8080-exec-4] o.s.security.web.FilterChainProxy        : Trying to match request against DefaultSecurityFilterChain defined as 'oauth2SecurityFilterChain' in [class path resource [com/example/barkbuddy_backend/config/SecurityConfig.class]] matching [Or [Mvc [pattern='/oauth2/**'], Mvc [pattern='/login/oauth2/**'], Mvc [pattern='/oauth2/success']]] and having filters [DisableEncodeUrl, WebAsyncManagerIntegration, SecurityContextHolder, HeaderWriter, Cors, Logout, OAuth2AuthorizationRequestRedirect, OAuth2LoginAuthentication, DefaultResources, DefaultLoginPageGenerating, DefaultLogoutPageGenerating, RequestCacheAware, SecurityContextHolderAwareRequest, AnonymousAuthentication, SessionManagement, ExceptionTranslation, Authorization] (1/2)
2025-09-18T12:46:54.055+05:30 TRACE 21564 --- [BarkBuddy_BackEnd] [http-nio-8080-exec-4] o.s.security.web.FilterChainProxy        : Trying to match request against DefaultSecurityFilterChain defined as 'apiSecurityFilterChain' in [class path resource [com/example/barkbuddy_backend/config/SecurityConfig.class]] matching [Or [Mvc [pattern='/**']]] and having filters [DisableEncodeUrl, WebAsyncManagerIntegration, SecurityContextHolder, HeaderWriter, Cors, Logout, JWTAuth, RequestCacheAware, SecurityContextHolderAwareRequest, AnonymousAuthentication, SessionManagement, ExceptionTranslation, Authorization] (2/2)
2025-09-18T12:46:54.056+05:30 DEBUG 21564 --- [BarkBuddy_BackEnd] [http-nio-8080-exec-4] o.s.security.web.FilterChainProxy        : Securing GET /api/dogs
2025-09-18T12:46:54.056+05:30 TRACE 21564 --- [BarkBuddy_BackEnd] [http-nio-8080-exec-4] o.s.security.web.FilterChainProxy        : Invoking DisableEncodeUrlFilter (1/13)
2025-09-18T12:46:54.056+05:30 TRACE 21564 --- [BarkBuddy_BackEnd] [http-nio-8080-exec-4] o.s.security.web.FilterChainProxy        : Invoking WebAsyncManagerIntegrationFilter (2/13)
2025-09-18T12:46:54.056+05:30 TRACE 21564 --- [BarkBuddy_BackEnd] [http-nio-8080-exec-4] o.s.security.web.FilterChainProxy        : Invoking SecurityContextHolderFilter (3/13)
2025-09-18T12:46:54.056+05:30 TRACE 21564 --- [BarkBuddy_BackEnd] [http-nio-8080-exec-4] o.s.security.web.FilterChainProxy        : Invoking HeaderWriterFilter (4/13)
2025-09-18T12:46:54.056+05:30 TRACE 21564 --- [BarkBuddy_BackEnd] [http-nio-8080-exec-4] o.s.security.web.FilterChainProxy        : Invoking CorsFilter (5/13)
2025-09-18T12:46:54.056+05:30 TRACE 21564 --- [BarkBuddy_BackEnd] [http-nio-8080-exec-4] o.s.security.web.FilterChainProxy        : Invoking LogoutFilter (6/13)
2025-09-18T12:46:54.056+05:30 TRACE 21564 --- [BarkBuddy_BackEnd] [http-nio-8080-exec-4] o.s.s.w.a.logout.LogoutFilter            : Did not match request to Or [Ant [pattern='/logout', GET], Ant [pattern='/logout', POST], Ant [pattern='/logout', PUT], Ant [pattern='/logout', DELETE]]
2025-09-18T12:46:54.056+05:30 TRACE 21564 --- [BarkBuddy_BackEnd] [http-nio-8080-exec-4] o.s.security.web.FilterChainProxy        : Invoking JWTAuthFilter (7/13)
2025-09-18T12:46:54.059+05:30 TRACE 21564 --- [BarkBuddy_BackEnd] [http-nio-8080-exec-4] .s.s.w.c.SupplierDeferredSecurityContext : Created SecurityContextImpl [Null authentication]
2025-09-18T12:46:54.061+05:30 TRACE 21564 --- [BarkBuddy_BackEnd] [http-nio-8080-exec-4] o.s.security.web.FilterChainProxy        : Invoking RequestCacheAwareFilter (8/13)
2025-09-18T12:46:54.063+05:30 TRACE 21564 --- [BarkBuddy_BackEnd] [http-nio-8080-exec-4] o.s.security.web.FilterChainProxy        : Invoking SecurityContextHolderAwareRequestFilter (9/13)
2025-09-18T12:46:54.063+05:30 TRACE 21564 --- [BarkBuddy_BackEnd] [http-nio-8080-exec-4] o.s.security.web.FilterChainProxy        : Invoking AnonymousAuthenticationFilter (10/13)
2025-09-18T12:46:54.063+05:30 TRACE 21564 --- [BarkBuddy_BackEnd] [http-nio-8080-exec-4] o.s.security.web.FilterChainProxy        : Invoking SessionManagementFilter (11/13)
2025-09-18T12:46:54.064+05:30 TRACE 21564 --- [BarkBuddy_BackEnd] [http-nio-8080-exec-4] o.s.s.w.a.AnonymousAuthenticationFilter  : Did not set SecurityContextHolder since already authenticated UsernamePasswordAuthenticationToken [Principal=amandasathsarani03@gmail.com, Credentials=[PROTECTED], Authenticated=true, Details=WebAuthenticationDetails [RemoteIpAddress=0:0:0:0:0:0:0:1, SessionId=null], Granted Authorities=[ROLE_USER]]
2025-09-18T12:46:54.064+05:30 TRACE 21564 --- [BarkBuddy_BackEnd] [http-nio-8080-exec-4] s.CompositeSessionAuthenticationStrategy : Preparing session with ChangeSessionIdAuthenticationStrategy (1/1)
2025-09-18T12:46:54.064+05:30 TRACE 21564 --- [BarkBuddy_BackEnd] [http-nio-8080-exec-4] o.s.security.web.FilterChainProxy        : Invoking ExceptionTranslationFilter (12/13)
2025-09-18T12:46:54.064+05:30 TRACE 21564 --- [BarkBuddy_BackEnd] [http-nio-8080-exec-4] o.s.security.web.FilterChainProxy        : Invoking AuthorizationFilter (13/13)
2025-09-18T12:46:54.064+05:30 TRACE 21564 --- [BarkBuddy_BackEnd] [http-nio-8080-exec-4] estMatcherDelegatingAuthorizationManager : Authorizing GET /api/dogs
2025-09-18T12:46:54.064+05:30 TRACE 21564 --- [BarkBuddy_BackEnd] [http-nio-8080-exec-4] estMatcherDelegatingAuthorizationManager : Checking authorization on GET /api/dogs using org.springframework.security.authorization.AuthenticatedAuthorizationManager@67413eae
2025-09-18T12:46:54.064+05:30 DEBUG 21564 --- [BarkBuddy_BackEnd] [http-nio-8080-exec-4] o.s.security.web.FilterChainProxy        : Secured GET /api/dogs
2025-09-18T12:46:54.065+05:30 DEBUG 21564 --- [BarkBuddy_BackEnd] [http-nio-8080-exec-4] o.s.web.servlet.DispatcherServlet        : GET "/api/dogs", parameters={}
2025-09-18T12:46:54.065+05:30 DEBUG 21564 --- [BarkBuddy_BackEnd] [http-nio-8080-exec-4] s.w.s.m.m.a.RequestMappingHandlerMapping : Mapped to com.example.barkbuddy_backend.controller.DogController#getMyDogs(String)
2025-09-18T12:46:54.072+05:30 DEBUG 21564 --- [BarkBuddy_BackEnd] [http-nio-8080-exec-4] o.s.w.s.m.m.a.HttpEntityMethodProcessor  : Using 'application/json', given [*/*] and supported [application/json, application/*+json]
2025-09-18T12:46:54.073+05:30 DEBUG 21564 --- [BarkBuddy_BackEnd] [http-nio-8080-exec-4] o.s.w.s.m.m.a.HttpEntityMethodProcessor  : Writing [[DogDTO(id=3, dogName=Loofy, breed=Golden Retriever, age=4, status=ADOPTED, ownerId=2, imageUrl=http (truncated)...]
2025-09-18T12:46:54.073+05:30 TRACE 21564 --- [BarkBuddy_BackEnd] [http-nio-8080-exec-4] o.s.s.w.header.writers.HstsHeaderWriter  : Not injecting HSTS header since it did not match request to [Is Secure]
2025-09-18T12:46:54.074+05:30 DEBUG 21564 --- [BarkBuddy_BackEnd] [http-nio-8080-exec-4] o.s.web.servlet.DispatcherServlet        : Completed 200 OK
2025-09-18T12:47:39.087+05:30 TRACE 21564 --- [BarkBuddy_BackEnd] [http-nio-8080-exec-9] o.s.security.web.FilterChainProxy        : Trying to match request against DefaultSecurityFilterChain defined as 'oauth2SecurityFilterChain' in [class path resource [com/example/barkbuddy_backend/config/SecurityConfig.class]] matching [Or [Mvc [pattern='/oauth2/**'], Mvc [pattern='/login/oauth2/**'], Mvc [pattern='/oauth2/success']]] and having filters [DisableEncodeUrl, WebAsyncManagerIntegration, SecurityContextHolder, HeaderWriter, Cors, Logout, OAuth2AuthorizationRequestRedirect, OAuth2LoginAuthentication, DefaultResources, DefaultLoginPageGenerating, DefaultLogoutPageGenerating, RequestCacheAware, SecurityContextHolderAwareRequest, AnonymousAuthentication, SessionManagement, ExceptionTranslation, Authorization] (1/2)
2025-09-18T12:47:39.087+05:30 TRACE 21564 --- [BarkBuddy_BackEnd] [http-nio-8080-exec-9] o.s.security.web.FilterChainProxy        : Trying to match request against DefaultSecurityFilterChain defined as 'apiSecurityFilterChain' in [class path resource [com/example/barkbuddy_backend/config/SecurityConfig.class]] matching [Or [Mvc [pattern='/**']]] and having filters [DisableEncodeUrl, WebAsyncManagerIntegration, SecurityContextHolder, HeaderWriter, Cors, Logout, JWTAuth, RequestCacheAware, SecurityContextHolderAwareRequest, AnonymousAuthentication, SessionManagement, ExceptionTranslation, Authorization] (2/2)
2025-09-18T12:47:39.087+05:30 DEBUG 21564 --- [BarkBuddy_BackEnd] [http-nio-8080-exec-9] o.s.security.web.FilterChainProxy        : Securing OPTIONS /api/lostdog/missing
2025-09-18T12:47:39.088+05:30 TRACE 21564 --- [BarkBuddy_BackEnd] [http-nio-8080-exec-9] o.s.security.web.FilterChainProxy        : Invoking DisableEncodeUrlFilter (1/13)
2025-09-18T12:47:39.088+05:30 TRACE 21564 --- [BarkBuddy_BackEnd] [http-nio-8080-exec-9] o.s.security.web.FilterChainProxy        : Invoking WebAsyncManagerIntegrationFilter (2/13)
2025-09-18T12:47:39.088+05:30 TRACE 21564 --- [BarkBuddy_BackEnd] [http-nio-8080-exec-9] o.s.security.web.FilterChainProxy        : Invoking SecurityContextHolderFilter (3/13)
2025-09-18T12:47:39.088+05:30 TRACE 21564 --- [BarkBuddy_BackEnd] [http-nio-8080-exec-9] o.s.security.web.FilterChainProxy        : Invoking HeaderWriterFilter (4/13)
2025-09-18T12:47:39.088+05:30 TRACE 21564 --- [BarkBuddy_BackEnd] [http-nio-8080-exec-9] o.s.security.web.FilterChainProxy        : Invoking CorsFilter (5/13)
2025-09-18T12:47:39.088+05:30 TRACE 21564 --- [BarkBuddy_BackEnd] [http-nio-8080-exec-9] o.s.s.w.header.writers.HstsHeaderWriter  : Not injecting HSTS header since it did not match request to [Is Secure]
2025-09-18T12:47:39.089+05:30 TRACE 21564 --- [BarkBuddy_BackEnd] [http-nio-8080-exec-5] o.s.security.web.FilterChainProxy        : Trying to match request against DefaultSecurityFilterChain defined as 'oauth2SecurityFilterChain' in [class path resource [com/example/barkbuddy_backend/config/SecurityConfig.class]] matching [Or [Mvc [pattern='/oauth2/**'], Mvc [pattern='/login/oauth2/**'], Mvc [pattern='/oauth2/success']]] and having filters [DisableEncodeUrl, WebAsyncManagerIntegration, SecurityContextHolder, HeaderWriter, Cors, Logout, OAuth2AuthorizationRequestRedirect, OAuth2LoginAuthentication, DefaultResources, DefaultLoginPageGenerating, DefaultLogoutPageGenerating, RequestCacheAware, SecurityContextHolderAwareRequest, AnonymousAuthentication, SessionManagement, ExceptionTranslation, Authorization] (1/2)
2025-09-18T12:47:39.091+05:30 TRACE 21564 --- [BarkBuddy_BackEnd] [http-nio-8080-exec-5] o.s.security.web.FilterChainProxy        : Trying to match request against DefaultSecurityFilterChain defined as 'apiSecurityFilterChain' in [class path resource [com/example/barkbuddy_backend/config/SecurityConfig.class]] matching [Or [Mvc [pattern='/**']]] and having filters [DisableEncodeUrl, WebAsyncManagerIntegration, SecurityContextHolder, HeaderWriter, Cors, Logout, JWTAuth, RequestCacheAware, SecurityContextHolderAwareRequest, AnonymousAuthentication, SessionManagement, ExceptionTranslation, Authorization] (2/2)
2025-09-18T12:47:39.091+05:30 DEBUG 21564 --- [BarkBuddy_BackEnd] [http-nio-8080-exec-5] o.s.security.web.FilterChainProxy        : Securing GET /api/lostdog/missing
2025-09-18T12:47:39.091+05:30 TRACE 21564 --- [BarkBuddy_BackEnd] [http-nio-8080-exec-5] o.s.security.web.FilterChainProxy        : Invoking DisableEncodeUrlFilter (1/13)
2025-09-18T12:47:39.091+05:30 TRACE 21564 --- [BarkBuddy_BackEnd] [http-nio-8080-exec-5] o.s.security.web.FilterChainProxy        : Invoking WebAsyncManagerIntegrationFilter (2/13)
2025-09-18T12:47:39.091+05:30 TRACE 21564 --- [BarkBuddy_BackEnd] [http-nio-8080-exec-5] o.s.security.web.FilterChainProxy        : Invoking SecurityContextHolderFilter (3/13)
2025-09-18T12:47:39.091+05:30 TRACE 21564 --- [BarkBuddy_BackEnd] [http-nio-8080-exec-5] o.s.security.web.FilterChainProxy        : Invoking HeaderWriterFilter (4/13)
2025-09-18T12:47:39.091+05:30 TRACE 21564 --- [BarkBuddy_BackEnd] [http-nio-8080-exec-5] o.s.security.web.FilterChainProxy        : Invoking CorsFilter (5/13)
2025-09-18T12:47:39.091+05:30 TRACE 21564 --- [BarkBuddy_BackEnd] [http-nio-8080-exec-5] o.s.security.web.FilterChainProxy        : Invoking LogoutFilter (6/13)
2025-09-18T12:47:39.091+05:30 TRACE 21564 --- [BarkBuddy_BackEnd] [http-nio-8080-exec-5] o.s.s.w.a.logout.LogoutFilter            : Did not match request to Or [Ant [pattern='/logout', GET], Ant [pattern='/logout', POST], Ant [pattern='/logout', PUT], Ant [pattern='/logout', DELETE]]
2025-09-18T12:47:39.091+05:30 TRACE 21564 --- [BarkBuddy_BackEnd] [http-nio-8080-exec-5] o.s.security.web.FilterChainProxy        : Invoking JWTAuthFilter (7/13)
2025-09-18T12:47:39.093+05:30 TRACE 21564 --- [BarkBuddy_BackEnd] [http-nio-8080-exec-5] .s.s.w.c.SupplierDeferredSecurityContext : Created SecurityContextImpl [Null authentication]
2025-09-18T12:47:39.099+05:30 TRACE 21564 --- [BarkBuddy_BackEnd] [http-nio-8080-exec-5] o.s.security.web.FilterChainProxy        : Invoking RequestCacheAwareFilter (8/13)
2025-09-18T12:47:39.099+05:30 TRACE 21564 --- [BarkBuddy_BackEnd] [http-nio-8080-exec-5] o.s.security.web.FilterChainProxy        : Invoking SecurityContextHolderAwareRequestFilter (9/13)
2025-09-18T12:47:39.099+05:30 TRACE 21564 --- [BarkBuddy_BackEnd] [http-nio-8080-exec-5] o.s.security.web.FilterChainProxy        : Invoking AnonymousAuthenticationFilter (10/13)
2025-09-18T12:47:39.100+05:30 TRACE 21564 --- [BarkBuddy_BackEnd] [http-nio-8080-exec-5] o.s.security.web.FilterChainProxy        : Invoking SessionManagementFilter (11/13)
2025-09-18T12:47:39.100+05:30 TRACE 21564 --- [BarkBuddy_BackEnd] [http-nio-8080-exec-5] o.s.s.w.a.AnonymousAuthenticationFilter  : Did not set SecurityContextHolder since already authenticated UsernamePasswordAuthenticationToken [Principal=amandasathsarani03@gmail.com, Credentials=[PROTECTED], Authenticated=true, Details=WebAuthenticationDetails [RemoteIpAddress=0:0:0:0:0:0:0:1, SessionId=null], Granted Authorities=[ROLE_USER]]
2025-09-18T12:47:39.100+05:30 TRACE 21564 --- [BarkBuddy_BackEnd] [http-nio-8080-exec-5] s.CompositeSessionAuthenticationStrategy : Preparing session with ChangeSessionIdAuthenticationStrategy (1/1)
2025-09-18T12:47:39.100+05:30 TRACE 21564 --- [BarkBuddy_BackEnd] [http-nio-8080-exec-5] o.s.security.web.FilterChainProxy        : Invoking ExceptionTranslationFilter (12/13)
2025-09-18T12:47:39.100+05:30 TRACE 21564 --- [BarkBuddy_BackEnd] [http-nio-8080-exec-5] o.s.security.web.FilterChainProxy        : Invoking AuthorizationFilter (13/13)
2025-09-18T12:47:39.100+05:30 TRACE 21564 --- [BarkBuddy_BackEnd] [http-nio-8080-exec-5] estMatcherDelegatingAuthorizationManager : Authorizing GET /api/lostdog/missing
2025-09-18T12:47:39.101+05:30 TRACE 21564 --- [BarkBuddy_BackEnd] [http-nio-8080-exec-5] estMatcherDelegatingAuthorizationManager : Checking authorization on GET /api/lostdog/missing using org.springframework.security.authorization.AuthenticatedAuthorizationManager@2acc110e
2025-09-18T12:47:39.101+05:30 DEBUG 21564 --- [BarkBuddy_BackEnd] [http-nio-8080-exec-5] o.s.security.web.FilterChainProxy        : Secured GET /api/lostdog/missing
2025-09-18T12:47:39.101+05:30 DEBUG 21564 --- [BarkBuddy_BackEnd] [http-nio-8080-exec-5] o.s.web.servlet.DispatcherServlet        : GET "/api/lostdog/missing", parameters={}
2025-09-18T12:47:39.101+05:30 DEBUG 21564 --- [BarkBuddy_BackEnd] [http-nio-8080-exec-5] s.w.s.m.m.a.RequestMappingHandlerMapping : Mapped to com.example.barkbuddy_backend.controller.LostDogController#getMissingDogs()
2025-09-18T12:47:39.118+05:30 DEBUG 21564 --- [BarkBuddy_BackEnd] [http-nio-8080-exec-5] m.m.a.RequestResponseBodyMethodProcessor : Using 'application/json', given [*/*] and supported [application/json, application/*+json]
2025-09-18T12:47:39.119+05:30 DEBUG 21564 --- [BarkBuddy_BackEnd] [http-nio-8080-exec-5] m.m.a.RequestResponseBodyMethodProcessor : Writing [[LostDogDetailDTO(id=1, dogId=2, userId=3, lastSeenLocation=Nugaduwa, status=MISSING, dogName=Rower, (truncated)...]
2025-09-18T12:47:39.119+05:30 TRACE 21564 --- [BarkBuddy_BackEnd] [http-nio-8080-exec-5] o.s.s.w.header.writers.HstsHeaderWriter  : Not injecting HSTS header since it did not match request to [Is Secure]
2025-09-18T12:47:39.121+05:30 DEBUG 21564 --- [BarkBuddy_BackEnd] [http-nio-8080-exec-5] o.s.web.servlet.DispatcherServlet        : Completed 200 OK
2025-09-18T12:47:46.227+05:30 TRACE 21564 --- [BarkBuddy_BackEnd] [http-nio-8080-exec-10] o.s.security.web.FilterChainProxy        : Trying to match request against DefaultSecurityFilterChain defined as 'oauth2SecurityFilterChain' in [class path resource [com/example/barkbuddy_backend/config/SecurityConfig.class]] matching [Or [Mvc [pattern='/oauth2/**'], Mvc [pattern='/login/oauth2/**'], Mvc [pattern='/oauth2/success']]] and having filters [DisableEncodeUrl, WebAsyncManagerIntegration, SecurityContextHolder, HeaderWriter, Cors, Logout, OAuth2AuthorizationRequestRedirect, OAuth2LoginAuthentication, DefaultResources, DefaultLoginPageGenerating, DefaultLogoutPageGenerating, RequestCacheAware, SecurityContextHolderAwareRequest, AnonymousAuthentication, SessionManagement, ExceptionTranslation, Authorization] (1/2)
2025-09-18T12:47:46.227+05:30 TRACE 21564 --- [BarkBuddy_BackEnd] [http-nio-8080-exec-10] o.s.security.web.FilterChainProxy        : Trying to match request against DefaultSecurityFilterChain defined as 'apiSecurityFilterChain' in [class path resource [com/example/barkbuddy_backend/config/SecurityConfig.class]] matching [Or [Mvc [pattern='/**']]] and having filters [DisableEncodeUrl, WebAsyncManagerIntegration, SecurityContextHolder, HeaderWriter, Cors, Logout, JWTAuth, RequestCacheAware, SecurityContextHolderAwareRequest, AnonymousAuthentication, SessionManagement, ExceptionTranslation, Authorization] (2/2)
2025-09-18T12:47:46.227+05:30 DEBUG 21564 --- [BarkBuddy_BackEnd] [http-nio-8080-exec-10] o.s.security.web.FilterChainProxy        : Securing OPTIONS /api/users/settings
2025-09-18T12:47:46.227+05:30 TRACE 21564 --- [BarkBuddy_BackEnd] [http-nio-8080-exec-10] o.s.security.web.FilterChainProxy        : Invoking DisableEncodeUrlFilter (1/13)
2025-09-18T12:47:46.227+05:30 TRACE 21564 --- [BarkBuddy_BackEnd] [http-nio-8080-exec-10] o.s.security.web.FilterChainProxy        : Invoking WebAsyncManagerIntegrationFilter (2/13)
2025-09-18T12:47:46.227+05:30 TRACE 21564 --- [BarkBuddy_BackEnd] [http-nio-8080-exec-10] o.s.security.web.FilterChainProxy        : Invoking SecurityContextHolderFilter (3/13)
2025-09-18T12:47:46.227+05:30 TRACE 21564 --- [BarkBuddy_BackEnd] [http-nio-8080-exec-10] o.s.security.web.FilterChainProxy        : Invoking HeaderWriterFilter (4/13)
2025-09-18T12:47:46.227+05:30 TRACE 21564 --- [BarkBuddy_BackEnd] [http-nio-8080-exec-10] o.s.security.web.FilterChainProxy        : Invoking CorsFilter (5/13)
2025-09-18T12:47:46.228+05:30 TRACE 21564 --- [BarkBuddy_BackEnd] [http-nio-8080-exec-10] o.s.s.w.header.writers.HstsHeaderWriter  : Not injecting HSTS header since it did not match request to [Is Secure]
2025-09-18T12:47:46.229+05:30 TRACE 21564 --- [BarkBuddy_BackEnd] [http-nio-8080-exec-7] o.s.security.web.FilterChainProxy        : Trying to match request against DefaultSecurityFilterChain defined as 'oauth2SecurityFilterChain' in [class path resource [com/example/barkbuddy_backend/config/SecurityConfig.class]] matching [Or [Mvc [pattern='/oauth2/**'], Mvc [pattern='/login/oauth2/**'], Mvc [pattern='/oauth2/success']]] and having filters [DisableEncodeUrl, WebAsyncManagerIntegration, SecurityContextHolder, HeaderWriter, Cors, Logout, OAuth2AuthorizationRequestRedirect, OAuth2LoginAuthentication, DefaultResources, DefaultLoginPageGenerating, DefaultLogoutPageGenerating, RequestCacheAware, SecurityContextHolderAwareRequest, AnonymousAuthentication, SessionManagement, ExceptionTranslation, Authorization] (1/2)
2025-09-18T12:47:46.229+05:30 TRACE 21564 --- [BarkBuddy_BackEnd] [http-nio-8080-exec-7] o.s.security.web.FilterChainProxy        : Trying to match request against DefaultSecurityFilterChain defined as 'apiSecurityFilterChain' in [class path resource [com/example/barkbuddy_backend/config/SecurityConfig.class]] matching [Or [Mvc [pattern='/**']]] and having filters [DisableEncodeUrl, WebAsyncManagerIntegration, SecurityContextHolder, HeaderWriter, Cors, Logout, JWTAuth, RequestCacheAware, SecurityContextHolderAwareRequest, AnonymousAuthentication, SessionManagement, ExceptionTranslation, Authorization] (2/2)
2025-09-18T12:47:46.229+05:30 DEBUG 21564 --- [BarkBuddy_BackEnd] [http-nio-8080-exec-7] o.s.security.web.FilterChainProxy        : Securing GET /api/users/settings
2025-09-18T12:47:46.229+05:30 TRACE 21564 --- [BarkBuddy_BackEnd] [http-nio-8080-exec-7] o.s.security.web.FilterChainProxy        : Invoking DisableEncodeUrlFilter (1/13)
2025-09-18T12:47:46.229+05:30 TRACE 21564 --- [BarkBuddy_BackEnd] [http-nio-8080-exec-7] o.s.security.web.FilterChainProxy        : Invoking WebAsyncManagerIntegrationFilter (2/13)
2025-09-18T12:47:46.229+05:30 TRACE 21564 --- [BarkBuddy_BackEnd] [http-nio-8080-exec-7] o.s.security.web.FilterChainProxy        : Invoking SecurityContextHolderFilter (3/13)
2025-09-18T12:47:46.229+05:30 TRACE 21564 --- [BarkBuddy_BackEnd] [http-nio-8080-exec-7] o.s.security.web.FilterChainProxy        : Invoking HeaderWriterFilter (4/13)
2025-09-18T12:47:46.230+05:30 TRACE 21564 --- [BarkBuddy_BackEnd] [http-nio-8080-exec-7] o.s.security.web.FilterChainProxy        : Invoking CorsFilter (5/13)
2025-09-18T12:47:46.230+05:30 TRACE 21564 --- [BarkBuddy_BackEnd] [http-nio-8080-exec-7] o.s.security.web.FilterChainProxy        : Invoking LogoutFilter (6/13)
2025-09-18T12:47:46.230+05:30 TRACE 21564 --- [BarkBuddy_BackEnd] [http-nio-8080-exec-7] o.s.s.w.a.logout.LogoutFilter            : Did not match request to Or [Ant [pattern='/logout', GET], Ant [pattern='/logout', POST], Ant [pattern='/logout', PUT], Ant [pattern='/logout', DELETE]]
2025-09-18T12:47:46.230+05:30 TRACE 21564 --- [BarkBuddy_BackEnd] [http-nio-8080-exec-7] o.s.security.web.FilterChainProxy        : Invoking JWTAuthFilter (7/13)
2025-09-18T12:47:46.233+05:30 TRACE 21564 --- [BarkBuddy_BackEnd] [http-nio-8080-exec-7] .s.s.w.c.SupplierDeferredSecurityContext : Created SecurityContextImpl [Null authentication]
2025-09-18T12:47:46.238+05:30 TRACE 21564 --- [BarkBuddy_BackEnd] [http-nio-8080-exec-7] o.s.security.web.FilterChainProxy        : Invoking RequestCacheAwareFilter (8/13)
2025-09-18T12:47:46.238+05:30 TRACE 21564 --- [BarkBuddy_BackEnd] [http-nio-8080-exec-7] o.s.security.web.FilterChainProxy        : Invoking SecurityContextHolderAwareRequestFilter (9/13)
2025-09-18T12:47:46.238+05:30 TRACE 21564 --- [BarkBuddy_BackEnd] [http-nio-8080-exec-7] o.s.security.web.FilterChainProxy        : Invoking AnonymousAuthenticationFilter (10/13)
2025-09-18T12:47:46.238+05:30 TRACE 21564 --- [BarkBuddy_BackEnd] [http-nio-8080-exec-7] o.s.security.web.FilterChainProxy        : Invoking SessionManagementFilter (11/13)
2025-09-18T12:47:46.239+05:30 TRACE 21564 --- [BarkBuddy_BackEnd] [http-nio-8080-exec-7] o.s.s.w.a.AnonymousAuthenticationFilter  : Did not set SecurityContextHolder since already authenticated UsernamePasswordAuthenticationToken [Principal=amandasathsarani03@gmail.com, Credentials=[PROTECTED], Authenticated=true, Details=WebAuthenticationDetails [RemoteIpAddress=0:0:0:0:0:0:0:1, SessionId=null], Granted Authorities=[ROLE_USER]]
2025-09-18T12:47:46.239+05:30 TRACE 21564 --- [BarkBuddy_BackEnd] [http-nio-8080-exec-7] s.CompositeSessionAuthenticationStrategy : Preparing session with ChangeSessionIdAuthenticationStrategy (1/1)
2025-09-18T12:47:46.239+05:30 TRACE 21564 --- [BarkBuddy_BackEnd] [http-nio-8080-exec-7] o.s.security.web.FilterChainProxy        : Invoking ExceptionTranslationFilter (12/13)
2025-09-18T12:47:46.239+05:30 TRACE 21564 --- [BarkBuddy_BackEnd] [http-nio-8080-exec-7] o.s.security.web.FilterChainProxy        : Invoking AuthorizationFilter (13/13)
2025-09-18T12:47:46.239+05:30 TRACE 21564 --- [BarkBuddy_BackEnd] [http-nio-8080-exec-7] estMatcherDelegatingAuthorizationManager : Authorizing GET /api/users/settings
2025-09-18T12:47:46.239+05:30 TRACE 21564 --- [BarkBuddy_BackEnd] [http-nio-8080-exec-7] estMatcherDelegatingAuthorizationManager : Checking authorization on GET /api/users/settings using org.springframework.security.authorization.SingleResultAuthorizationManager@c177466
2025-09-18T12:47:46.239+05:30 DEBUG 21564 --- [BarkBuddy_BackEnd] [http-nio-8080-exec-7] o.s.security.web.FilterChainProxy        : Secured GET /api/users/settings
2025-09-18T12:47:46.240+05:30 DEBUG 21564 --- [BarkBuddy_BackEnd] [http-nio-8080-exec-7] o.s.web.servlet.DispatcherServlet        : GET "/api/users/settings", parameters={}
2025-09-18T12:47:46.240+05:30 DEBUG 21564 --- [BarkBuddy_BackEnd] [http-nio-8080-exec-7] s.w.s.m.m.a.RequestMappingHandlerMapping : Mapped to com.example.barkbuddy_backend.controller.UserController#getUserSettings(Authentication)
2025-09-18T12:47:46.249+05:30 DEBUG 21564 --- [BarkBuddy_BackEnd] [http-nio-8080-exec-7] o.s.w.s.m.m.a.HttpEntityMethodProcessor  : Using 'application/json', given [*/*] and supported [application/json, application/*+json]
2025-09-18T12:47:46.250+05:30 DEBUG 21564 --- [BarkBuddy_BackEnd] [http-nio-8080-exec-7] o.s.w.s.m.m.a.HttpEntityMethodProcessor  : Writing [UserDTO(username=Dulanji, email=amandasathsarani03@gmail.com, password=)]
2025-09-18T12:47:46.250+05:30 TRACE 21564 --- [BarkBuddy_BackEnd] [http-nio-8080-exec-7] o.s.s.w.header.writers.HstsHeaderWriter  : Not injecting HSTS header since it did not match request to [Is Secure]
2025-09-18T12:47:46.251+05:30 DEBUG 21564 --- [BarkBuddy_BackEnd] [http-nio-8080-exec-7] o.s.web.servlet.DispatcherServlet        : Completed 200 OK
2025-09-18T12:47:47.920+05:30 TRACE 21564 --- [BarkBuddy_BackEnd] [http-nio-8080-exec-1] o.s.security.web.FilterChainProxy        : Trying to match request against DefaultSecurityFilterChain defined as 'oauth2SecurityFilterChain' in [class path resource [com/example/barkbuddy_backend/config/SecurityConfig.class]] matching [Or [Mvc [pattern='/oauth2/**'], Mvc [pattern='/login/oauth2/**'], Mvc [pattern='/oauth2/success']]] and having filters [DisableEncodeUrl, WebAsyncManagerIntegration, SecurityContextHolder, HeaderWriter, Cors, Logout, OAuth2AuthorizationRequestRedirect, OAuth2LoginAuthentication, DefaultResources, DefaultLoginPageGenerating, DefaultLogoutPageGenerating, RequestCacheAware, SecurityContextHolderAwareRequest, AnonymousAuthentication, SessionManagement, ExceptionTranslation, Authorization] (1/2)
2025-09-18T12:47:47.920+05:30 TRACE 21564 --- [BarkBuddy_BackEnd] [http-nio-8080-exec-1] o.s.security.web.FilterChainProxy        : Trying to match request against DefaultSecurityFilterChain defined as 'apiSecurityFilterChain' in [class path resource [com/example/barkbuddy_backend/config/SecurityConfig.class]] matching [Or [Mvc [pattern='/**']]] and having filters [DisableEncodeUrl, WebAsyncManagerIntegration, SecurityContextHolder, HeaderWriter, Cors, Logout, JWTAuth, RequestCacheAware, SecurityContextHolderAwareRequest, AnonymousAuthentication, SessionManagement, ExceptionTranslation, Authorization] (2/2)
2025-09-18T12:47:47.921+05:30 DEBUG 21564 --- [BarkBuddy_BackEnd] [http-nio-8080-exec-1] o.s.security.web.FilterChainProxy        : Securing GET /api/listings
2025-09-18T12:47:47.921+05:30 TRACE 21564 --- [BarkBuddy_BackEnd] [http-nio-8080-exec-1] o.s.security.web.FilterChainProxy        : Invoking DisableEncodeUrlFilter (1/13)
2025-09-18T12:47:47.921+05:30 TRACE 21564 --- [BarkBuddy_BackEnd] [http-nio-8080-exec-1] o.s.security.web.FilterChainProxy        : Invoking WebAsyncManagerIntegrationFilter (2/13)
2025-09-18T12:47:47.921+05:30 TRACE 21564 --- [BarkBuddy_BackEnd] [http-nio-8080-exec-1] o.s.security.web.FilterChainProxy        : Invoking SecurityContextHolderFilter (3/13)
2025-09-18T12:47:47.921+05:30 TRACE 21564 --- [BarkBuddy_BackEnd] [http-nio-8080-exec-1] o.s.security.web.FilterChainProxy        : Invoking HeaderWriterFilter (4/13)
2025-09-18T12:47:47.921+05:30 TRACE 21564 --- [BarkBuddy_BackEnd] [http-nio-8080-exec-1] o.s.security.web.FilterChainProxy        : Invoking CorsFilter (5/13)
2025-09-18T12:47:47.921+05:30 TRACE 21564 --- [BarkBuddy_BackEnd] [http-nio-8080-exec-1] o.s.security.web.FilterChainProxy        : Invoking LogoutFilter (6/13)
2025-09-18T12:47:47.921+05:30 TRACE 21564 --- [BarkBuddy_BackEnd] [http-nio-8080-exec-1] o.s.s.w.a.logout.LogoutFilter            : Did not match request to Or [Ant [pattern='/logout', GET], Ant [pattern='/logout', POST], Ant [pattern='/logout', PUT], Ant [pattern='/logout', DELETE]]
2025-09-18T12:47:47.921+05:30 TRACE 21564 --- [BarkBuddy_BackEnd] [http-nio-8080-exec-1] o.s.security.web.FilterChainProxy        : Invoking JWTAuthFilter (7/13)
2025-09-18T12:47:47.921+05:30 TRACE 21564 --- [BarkBuddy_BackEnd] [http-nio-8080-exec-1] o.s.security.web.FilterChainProxy        : Invoking RequestCacheAwareFilter (8/13)
2025-09-18T12:47:47.921+05:30 TRACE 21564 --- [BarkBuddy_BackEnd] [http-nio-8080-exec-1] o.s.security.web.FilterChainProxy        : Invoking SecurityContextHolderAwareRequestFilter (9/13)
2025-09-18T12:47:47.921+05:30 TRACE 21564 --- [BarkBuddy_BackEnd] [http-nio-8080-exec-1] o.s.security.web.FilterChainProxy        : Invoking AnonymousAuthenticationFilter (10/13)
2025-09-18T12:47:47.921+05:30 TRACE 21564 --- [BarkBuddy_BackEnd] [http-nio-8080-exec-1] o.s.security.web.FilterChainProxy        : Invoking SessionManagementFilter (11/13)
2025-09-18T12:47:47.921+05:30 TRACE 21564 --- [BarkBuddy_BackEnd] [http-nio-8080-exec-1] .s.s.w.c.SupplierDeferredSecurityContext : Created SecurityContextImpl [Null authentication]
2025-09-18T12:47:47.922+05:30 TRACE 21564 --- [BarkBuddy_BackEnd] [http-nio-8080-exec-1] o.s.s.w.a.AnonymousAuthenticationFilter  : Set SecurityContextHolder to AnonymousAuthenticationToken [Principal=anonymousUser, Credentials=[PROTECTED], Authenticated=true, Details=WebAuthenticationDetails [RemoteIpAddress=0:0:0:0:0:0:0:1, SessionId=null], Granted Authorities=[ROLE_ANONYMOUS]]
2025-09-18T12:47:47.922+05:30 TRACE 21564 --- [BarkBuddy_BackEnd] [http-nio-8080-exec-1] o.s.security.web.FilterChainProxy        : Invoking ExceptionTranslationFilter (12/13)
2025-09-18T12:47:47.922+05:30 TRACE 21564 --- [BarkBuddy_BackEnd] [http-nio-8080-exec-6] o.s.security.web.FilterChainProxy        : Trying to match request against DefaultSecurityFilterChain defined as 'oauth2SecurityFilterChain' in [class path resource [com/example/barkbuddy_backend/config/SecurityConfig.class]] matching [Or [Mvc [pattern='/oauth2/**'], Mvc [pattern='/login/oauth2/**'], Mvc [pattern='/oauth2/success']]] and having filters [DisableEncodeUrl, WebAsyncManagerIntegration, SecurityContextHolder, HeaderWriter, Cors, Logout, OAuth2AuthorizationRequestRedirect, OAuth2LoginAuthentication, DefaultResources, DefaultLoginPageGenerating, DefaultLogoutPageGenerating, RequestCacheAware, SecurityContextHolderAwareRequest, AnonymousAuthentication, SessionManagement, ExceptionTranslation, Authorization] (1/2)
2025-09-18T12:47:47.922+05:30 TRACE 21564 --- [BarkBuddy_BackEnd] [http-nio-8080-exec-1] o.s.security.web.FilterChainProxy        : Invoking AuthorizationFilter (13/13)
2025-09-18T12:47:47.922+05:30 TRACE 21564 --- [BarkBuddy_BackEnd] [http-nio-8080-exec-1] estMatcherDelegatingAuthorizationManager : Authorizing GET /api/listings
2025-09-18T12:47:47.922+05:30 TRACE 21564 --- [BarkBuddy_BackEnd] [http-nio-8080-exec-6] o.s.security.web.FilterChainProxy        : Trying to match request against DefaultSecurityFilterChain defined as 'apiSecurityFilterChain' in [class path resource [com/example/barkbuddy_backend/config/SecurityConfig.class]] matching [Or [Mvc [pattern='/**']]] and having filters [DisableEncodeUrl, WebAsyncManagerIntegration, SecurityContextHolder, HeaderWriter, Cors, Logout, JWTAuth, RequestCacheAware, SecurityContextHolderAwareRequest, AnonymousAuthentication, SessionManagement, ExceptionTranslation, Authorization] (2/2)
2025-09-18T12:47:47.922+05:30 DEBUG 21564 --- [BarkBuddy_BackEnd] [http-nio-8080-exec-6] o.s.security.web.FilterChainProxy        : Securing OPTIONS /api/adoption/my-dogs
2025-09-18T12:47:47.922+05:30 TRACE 21564 --- [BarkBuddy_BackEnd] [http-nio-8080-exec-1] estMatcherDelegatingAuthorizationManager : Checking authorization on GET /api/listings using org.springframework.security.authorization.SingleResultAuthorizationManager@c177466
2025-09-18T12:47:47.922+05:30 DEBUG 21564 --- [BarkBuddy_BackEnd] [http-nio-8080-exec-1] o.s.security.web.FilterChainProxy        : Secured GET /api/listings
2025-09-18T12:47:47.922+05:30 TRACE 21564 --- [BarkBuddy_BackEnd] [http-nio-8080-exec-6] o.s.security.web.FilterChainProxy        : Invoking DisableEncodeUrlFilter (1/13)
2025-09-18T12:47:47.922+05:30 TRACE 21564 --- [BarkBuddy_BackEnd] [http-nio-8080-exec-6] o.s.security.web.FilterChainProxy        : Invoking WebAsyncManagerIntegrationFilter (2/13)
2025-09-18T12:47:47.922+05:30 TRACE 21564 --- [BarkBuddy_BackEnd] [http-nio-8080-exec-6] o.s.security.web.FilterChainProxy        : Invoking SecurityContextHolderFilter (3/13)
2025-09-18T12:47:47.922+05:30 DEBUG 21564 --- [BarkBuddy_BackEnd] [http-nio-8080-exec-1] o.s.web.servlet.DispatcherServlet        : GET "/api/listings", parameters={}
2025-09-18T12:47:47.923+05:30 TRACE 21564 --- [BarkBuddy_BackEnd] [http-nio-8080-exec-6] o.s.security.web.FilterChainProxy        : Invoking HeaderWriterFilter (4/13)
2025-09-18T12:47:47.923+05:30 TRACE 21564 --- [BarkBuddy_BackEnd] [http-nio-8080-exec-6] o.s.security.web.FilterChainProxy        : Invoking CorsFilter (5/13)
2025-09-18T12:47:47.923+05:30 DEBUG 21564 --- [BarkBuddy_BackEnd] [http-nio-8080-exec-1] s.w.s.m.m.a.RequestMappingHandlerMapping : Mapped to com.example.barkbuddy_backend.controller.ListingController#getAllEquipments()
2025-09-18T12:47:47.923+05:30 TRACE 21564 --- [BarkBuddy_BackEnd] [http-nio-8080-exec-6] o.s.s.w.header.writers.HstsHeaderWriter  : Not injecting HSTS header since it did not match request to [Is Secure]
2025-09-18T12:47:47.926+05:30 TRACE 21564 --- [BarkBuddy_BackEnd] [http-nio-8080-exec-8] o.s.security.web.FilterChainProxy        : Trying to match request against DefaultSecurityFilterChain defined as 'oauth2SecurityFilterChain' in [class path resource [com/example/barkbuddy_backend/config/SecurityConfig.class]] matching [Or [Mvc [pattern='/oauth2/**'], Mvc [pattern='/login/oauth2/**'], Mvc [pattern='/oauth2/success']]] and having filters [DisableEncodeUrl, WebAsyncManagerIntegration, SecurityContextHolder, HeaderWriter, Cors, Logout, OAuth2AuthorizationRequestRedirect, OAuth2LoginAuthentication, DefaultResources, DefaultLoginPageGenerating, DefaultLogoutPageGenerating, RequestCacheAware, SecurityContextHolderAwareRequest, AnonymousAuthentication, SessionManagement, ExceptionTranslation, Authorization] (1/2)
2025-09-18T12:47:47.926+05:30 TRACE 21564 --- [BarkBuddy_BackEnd] [http-nio-8080-exec-8] o.s.security.web.FilterChainProxy        : Trying to match request against DefaultSecurityFilterChain defined as 'apiSecurityFilterChain' in [class path resource [com/example/barkbuddy_backend/config/SecurityConfig.class]] matching [Or [Mvc [pattern='/**']]] and having filters [DisableEncodeUrl, WebAsyncManagerIntegration, SecurityContextHolder, HeaderWriter, Cors, Logout, JWTAuth, RequestCacheAware, SecurityContextHolderAwareRequest, AnonymousAuthentication, SessionManagement, ExceptionTranslation, Authorization] (2/2)
2025-09-18T12:47:47.927+05:30 DEBUG 21564 --- [BarkBuddy_BackEnd] [http-nio-8080-exec-8] o.s.security.web.FilterChainProxy        : Securing GET /api/adoption/my-dogs
2025-09-18T12:47:47.927+05:30 TRACE 21564 --- [BarkBuddy_BackEnd] [http-nio-8080-exec-8] o.s.security.web.FilterChainProxy        : Invoking DisableEncodeUrlFilter (1/13)
2025-09-18T12:47:47.927+05:30 TRACE 21564 --- [BarkBuddy_BackEnd] [http-nio-8080-exec-8] o.s.security.web.FilterChainProxy        : Invoking WebAsyncManagerIntegrationFilter (2/13)
2025-09-18T12:47:47.927+05:30 TRACE 21564 --- [BarkBuddy_BackEnd] [http-nio-8080-exec-8] o.s.security.web.FilterChainProxy        : Invoking SecurityContextHolderFilter (3/13)
2025-09-18T12:47:47.927+05:30 TRACE 21564 --- [BarkBuddy_BackEnd] [http-nio-8080-exec-8] o.s.security.web.FilterChainProxy        : Invoking HeaderWriterFilter (4/13)
2025-09-18T12:47:47.927+05:30 TRACE 21564 --- [BarkBuddy_BackEnd] [http-nio-8080-exec-8] o.s.security.web.FilterChainProxy        : Invoking CorsFilter (5/13)
2025-09-18T12:47:47.927+05:30 TRACE 21564 --- [BarkBuddy_BackEnd] [http-nio-8080-exec-8] o.s.security.web.FilterChainProxy        : Invoking LogoutFilter (6/13)
2025-09-18T12:47:47.927+05:30 TRACE 21564 --- [BarkBuddy_BackEnd] [http-nio-8080-exec-8] o.s.s.w.a.logout.LogoutFilter            : Did not match request to Or [Ant [pattern='/logout', GET], Ant [pattern='/logout', POST], Ant [pattern='/logout', PUT], Ant [pattern='/logout', DELETE]]
2025-09-18T12:47:47.927+05:30 TRACE 21564 --- [BarkBuddy_BackEnd] [http-nio-8080-exec-8] o.s.security.web.FilterChainProxy        : Invoking JWTAuthFilter (7/13)
2025-09-18T12:47:47.930+05:30 TRACE 21564 --- [BarkBuddy_BackEnd] [http-nio-8080-exec-8] .s.s.w.c.SupplierDeferredSecurityContext : Created SecurityContextImpl [Null authentication]
2025-09-18T12:47:47.931+05:30 DEBUG 21564 --- [BarkBuddy_BackEnd] [http-nio-8080-exec-1] o.s.w.s.m.m.a.HttpEntityMethodProcessor  : Using 'application/json', given [*/*] and supported [application/json, application/*+json]
2025-09-18T12:47:47.931+05:30 DEBUG 21564 --- [BarkBuddy_BackEnd] [http-nio-8080-exec-1] o.s.w.s.m.m.a.HttpEntityMethodProcessor  : Writing [[ListingDTO(id=1, listingName=Dog Food, listingDescription=Royal Canin Maxi Puppy 4kg, price=9000.00 (truncated)...]
2025-09-18T12:47:47.932+05:30 TRACE 21564 --- [BarkBuddy_BackEnd] [http-nio-8080-exec-1] o.s.s.w.header.writers.HstsHeaderWriter  : Not injecting HSTS header since it did not match request to [Is Secure]
2025-09-18T12:47:47.933+05:30 TRACE 21564 --- [BarkBuddy_BackEnd] [http-nio-8080-exec-8] o.s.security.web.FilterChainProxy        : Invoking RequestCacheAwareFilter (8/13)
2025-09-18T12:47:47.933+05:30 DEBUG 21564 --- [BarkBuddy_BackEnd] [http-nio-8080-exec-1] o.s.web.servlet.DispatcherServlet        : Completed 200 OK
2025-09-18T12:47:47.933+05:30 TRACE 21564 --- [BarkBuddy_BackEnd] [http-nio-8080-exec-8] o.s.security.web.FilterChainProxy        : Invoking SecurityContextHolderAwareRequestFilter (9/13)
2025-09-18T12:47:47.933+05:30 TRACE 21564 --- [BarkBuddy_BackEnd] [http-nio-8080-exec-8] o.s.security.web.FilterChainProxy        : Invoking AnonymousAuthenticationFilter (10/13)
2025-09-18T12:47:47.934+05:30 TRACE 21564 --- [BarkBuddy_BackEnd] [http-nio-8080-exec-8] o.s.security.web.FilterChainProxy        : Invoking SessionManagementFilter (11/13)
2025-09-18T12:47:47.934+05:30 TRACE 21564 --- [BarkBuddy_BackEnd] [http-nio-8080-exec-8] o.s.s.w.a.AnonymousAuthenticationFilter  : Did not set SecurityContextHolder since already authenticated UsernamePasswordAuthenticationToken [Principal=amandasathsarani03@gmail.com, Credentials=[PROTECTED], Authenticated=true, Details=WebAuthenticationDetails [RemoteIpAddress=0:0:0:0:0:0:0:1, SessionId=null], Granted Authorities=[ROLE_USER]]
2025-09-18T12:47:47.934+05:30 TRACE 21564 --- [BarkBuddy_BackEnd] [http-nio-8080-exec-8] s.CompositeSessionAuthenticationStrategy : Preparing session with ChangeSessionIdAuthenticationStrategy (1/1)
2025-09-18T12:47:47.934+05:30 TRACE 21564 --- [BarkBuddy_BackEnd] [http-nio-8080-exec-8] o.s.security.web.FilterChainProxy        : Invoking ExceptionTranslationFilter (12/13)
2025-09-18T12:47:47.934+05:30 TRACE 21564 --- [BarkBuddy_BackEnd] [http-nio-8080-exec-8] o.s.security.web.FilterChainProxy        : Invoking AuthorizationFilter (13/13)
2025-09-18T12:47:47.934+05:30 TRACE 21564 --- [BarkBuddy_BackEnd] [http-nio-8080-exec-8] estMatcherDelegatingAuthorizationManager : Authorizing GET /api/adoption/my-dogs
2025-09-18T12:47:47.934+05:30 TRACE 21564 --- [BarkBuddy_BackEnd] [http-nio-8080-exec-8] estMatcherDelegatingAuthorizationManager : Checking authorization on GET /api/adoption/my-dogs using org.springframework.security.authorization.SingleResultAuthorizationManager@c177466
2025-09-18T12:47:47.934+05:30 DEBUG 21564 --- [BarkBuddy_BackEnd] [http-nio-8080-exec-8] o.s.security.web.FilterChainProxy        : Secured GET /api/adoption/my-dogs
2025-09-18T12:47:47.936+05:30 DEBUG 21564 --- [BarkBuddy_BackEnd] [http-nio-8080-exec-8] o.s.web.servlet.DispatcherServlet        : GET "/api/adoption/my-dogs", parameters={}
2025-09-18T12:47:47.936+05:30 DEBUG 21564 --- [BarkBuddy_BackEnd] [http-nio-8080-exec-8] s.w.s.m.m.a.RequestMappingHandlerMapping : Mapped to com.example.barkbuddy_backend.controller.AdoptionApplicationController#getMyDogsAdoptionRequests(String)
2025-09-18T12:47:47.955+05:30 DEBUG 21564 --- [BarkBuddy_BackEnd] [http-nio-8080-exec-8] o.s.w.s.m.m.a.HttpEntityMethodProcessor  : Using 'application/json', given [*/*] and supported [application/json, application/*+json]
2025-09-18T12:47:47.956+05:30 DEBUG 21564 --- [BarkBuddy_BackEnd] [http-nio-8080-exec-8] o.s.w.s.m.m.a.HttpEntityMethodProcessor  : Writing [[AdoptionApplicationDTO(id=2, dogId=5, dogName=Bruno, ownerUsername=Nethmi Nanayakkara, adopterName= (truncated)...]
2025-09-18T12:47:47.957+05:30 TRACE 21564 --- [BarkBuddy_BackEnd] [http-nio-8080-exec-8] o.s.s.w.header.writers.HstsHeaderWriter  : Not injecting HSTS header since it did not match request to [Is Secure]
2025-09-18T12:47:47.957+05:30 DEBUG 21564 --- [BarkBuddy_BackEnd] [http-nio-8080-exec-8] o.s.web.servlet.DispatcherServlet        : Completed 200 OK
2025-09-18T12:48:17.737+05:30 TRACE 21564 --- [BarkBuddy_BackEnd] [http-nio-8080-exec-9] o.s.security.web.FilterChainProxy        : Trying to match request against DefaultSecurityFilterChain defined as 'oauth2SecurityFilterChain' in [class path resource [com/example/barkbuddy_backend/config/SecurityConfig.class]] matching [Or [Mvc [pattern='/oauth2/**'], Mvc [pattern='/login/oauth2/**'], Mvc [pattern='/oauth2/success']]] and having filters [DisableEncodeUrl, WebAsyncManagerIntegration, SecurityContextHolder, HeaderWriter, Cors, Logout, OAuth2AuthorizationRequestRedirect, OAuth2LoginAuthentication, DefaultResources, DefaultLoginPageGenerating, DefaultLogoutPageGenerating, RequestCacheAware, SecurityContextHolderAwareRequest, AnonymousAuthentication, SessionManagement, ExceptionTranslation, Authorization] (1/2)
2025-09-18T12:48:17.739+05:30 TRACE 21564 --- [BarkBuddy_BackEnd] [http-nio-8080-exec-9] o.s.security.web.FilterChainProxy        : Trying to match request against DefaultSecurityFilterChain defined as 'apiSecurityFilterChain' in [class path resource [com/example/barkbuddy_backend/config/SecurityConfig.class]] matching [Or [Mvc [pattern='/**']]] and having filters [DisableEncodeUrl, WebAsyncManagerIntegration, SecurityContextHolder, HeaderWriter, Cors, Logout, JWTAuth, RequestCacheAware, SecurityContextHolderAwareRequest, AnonymousAuthentication, SessionManagement, ExceptionTranslation, Authorization] (2/2)
2025-09-18T12:48:17.739+05:30 DEBUG 21564 --- [BarkBuddy_BackEnd] [http-nio-8080-exec-9] o.s.security.web.FilterChainProxy        : Securing OPTIONS /api/adoption/my-dogs
2025-09-18T12:48:17.737+05:30 TRACE 21564 --- [BarkBuddy_BackEnd] [http-nio-8080-exec-5] o.s.security.web.FilterChainProxy        : Trying to match request against DefaultSecurityFilterChain defined as 'oauth2SecurityFilterChain' in [class path resource [com/example/barkbuddy_backend/config/SecurityConfig.class]] matching [Or [Mvc [pattern='/oauth2/**'], Mvc [pattern='/login/oauth2/**'], Mvc [pattern='/oauth2/success']]] and having filters [DisableEncodeUrl, WebAsyncManagerIntegration, SecurityContextHolder, HeaderWriter, Cors, Logout, OAuth2AuthorizationRequestRedirect, OAuth2LoginAuthentication, DefaultResources, DefaultLoginPageGenerating, DefaultLogoutPageGenerating, RequestCacheAware, SecurityContextHolderAwareRequest, AnonymousAuthentication, SessionManagement, ExceptionTranslation, Authorization] (1/2)
2025-09-18T12:48:17.739+05:30 TRACE 21564 --- [BarkBuddy_BackEnd] [http-nio-8080-exec-9] o.s.security.web.FilterChainProxy        : Invoking DisableEncodeUrlFilter (1/13)
2025-09-18T12:48:17.739+05:30 TRACE 21564 --- [BarkBuddy_BackEnd] [http-nio-8080-exec-9] o.s.security.web.FilterChainProxy        : Invoking WebAsyncManagerIntegrationFilter (2/13)
2025-09-18T12:48:17.739+05:30 TRACE 21564 --- [BarkBuddy_BackEnd] [http-nio-8080-exec-5] o.s.security.web.FilterChainProxy        : Trying to match request against DefaultSecurityFilterChain defined as 'apiSecurityFilterChain' in [class path resource [com/example/barkbuddy_backend/config/SecurityConfig.class]] matching [Or [Mvc [pattern='/**']]] and having filters [DisableEncodeUrl, WebAsyncManagerIntegration, SecurityContextHolder, HeaderWriter, Cors, Logout, JWTAuth, RequestCacheAware, SecurityContextHolderAwareRequest, AnonymousAuthentication, SessionManagement, ExceptionTranslation, Authorization] (2/2)
2025-09-18T12:48:17.739+05:30 TRACE 21564 --- [BarkBuddy_BackEnd] [http-nio-8080-exec-9] o.s.security.web.FilterChainProxy        : Invoking SecurityContextHolderFilter (3/13)
2025-09-18T12:48:17.739+05:30 DEBUG 21564 --- [BarkBuddy_BackEnd] [http-nio-8080-exec-5] o.s.security.web.FilterChainProxy        : Securing GET /api/listings
2025-09-18T12:48:17.739+05:30 TRACE 21564 --- [BarkBuddy_BackEnd] [http-nio-8080-exec-9] o.s.security.web.FilterChainProxy        : Invoking HeaderWriterFilter (4/13)
2025-09-18T12:48:17.740+05:30 TRACE 21564 --- [BarkBuddy_BackEnd] [http-nio-8080-exec-9] o.s.security.web.FilterChainProxy        : Invoking CorsFilter (5/13)
2025-09-18T12:48:17.740+05:30 TRACE 21564 --- [BarkBuddy_BackEnd] [http-nio-8080-exec-5] o.s.security.web.FilterChainProxy        : Invoking DisableEncodeUrlFilter (1/13)
2025-09-18T12:48:17.740+05:30 TRACE 21564 --- [BarkBuddy_BackEnd] [http-nio-8080-exec-5] o.s.security.web.FilterChainProxy        : Invoking WebAsyncManagerIntegrationFilter (2/13)
2025-09-18T12:48:17.740+05:30 TRACE 21564 --- [BarkBuddy_BackEnd] [http-nio-8080-exec-5] o.s.security.web.FilterChainProxy        : Invoking SecurityContextHolderFilter (3/13)
2025-09-18T12:48:17.740+05:30 TRACE 21564 --- [BarkBuddy_BackEnd] [http-nio-8080-exec-5] o.s.security.web.FilterChainProxy        : Invoking HeaderWriterFilter (4/13)
2025-09-18T12:48:17.740+05:30 TRACE 21564 --- [BarkBuddy_BackEnd] [http-nio-8080-exec-9] o.s.s.w.header.writers.HstsHeaderWriter  : Not injecting HSTS header since it did not match request to [Is Secure]
2025-09-18T12:48:17.740+05:30 TRACE 21564 --- [BarkBuddy_BackEnd] [http-nio-8080-exec-5] o.s.security.web.FilterChainProxy        : Invoking CorsFilter (5/13)
2025-09-18T12:48:17.741+05:30 TRACE 21564 --- [BarkBuddy_BackEnd] [http-nio-8080-exec-5] o.s.security.web.FilterChainProxy        : Invoking LogoutFilter (6/13)
2025-09-18T12:48:17.741+05:30 TRACE 21564 --- [BarkBuddy_BackEnd] [http-nio-8080-exec-5] o.s.s.w.a.logout.LogoutFilter            : Did not match request to Or [Ant [pattern='/logout', GET], Ant [pattern='/logout', POST], Ant [pattern='/logout', PUT], Ant [pattern='/logout', DELETE]]
2025-09-18T12:48:17.741+05:30 TRACE 21564 --- [BarkBuddy_BackEnd] [http-nio-8080-exec-5] o.s.security.web.FilterChainProxy        : Invoking JWTAuthFilter (7/13)
2025-09-18T12:48:17.741+05:30 TRACE 21564 --- [BarkBuddy_BackEnd] [http-nio-8080-exec-5] o.s.security.web.FilterChainProxy        : Invoking RequestCacheAwareFilter (8/13)
2025-09-18T12:48:17.741+05:30 TRACE 21564 --- [BarkBuddy_BackEnd] [http-nio-8080-exec-5] o.s.security.web.FilterChainProxy        : Invoking SecurityContextHolderAwareRequestFilter (9/13)
2025-09-18T12:48:17.741+05:30 TRACE 21564 --- [BarkBuddy_BackEnd] [http-nio-8080-exec-5] o.s.security.web.FilterChainProxy        : Invoking AnonymousAuthenticationFilter (10/13)
2025-09-18T12:48:17.742+05:30 TRACE 21564 --- [BarkBuddy_BackEnd] [http-nio-8080-exec-5] o.s.security.web.FilterChainProxy        : Invoking SessionManagementFilter (11/13)
2025-09-18T12:48:17.742+05:30 TRACE 21564 --- [BarkBuddy_BackEnd] [http-nio-8080-exec-5] .s.s.w.c.SupplierDeferredSecurityContext : Created SecurityContextImpl [Null authentication]
2025-09-18T12:48:17.742+05:30 TRACE 21564 --- [BarkBuddy_BackEnd] [http-nio-8080-exec-5] o.s.s.w.a.AnonymousAuthenticationFilter  : Set SecurityContextHolder to AnonymousAuthenticationToken [Principal=anonymousUser, Credentials=[PROTECTED], Authenticated=true, Details=WebAuthenticationDetails [RemoteIpAddress=0:0:0:0:0:0:0:1, SessionId=null], Granted Authorities=[ROLE_ANONYMOUS]]
2025-09-18T12:48:17.742+05:30 TRACE 21564 --- [BarkBuddy_BackEnd] [http-nio-8080-exec-5] o.s.security.web.FilterChainProxy        : Invoking ExceptionTranslationFilter (12/13)
2025-09-18T12:48:17.742+05:30 TRACE 21564 --- [BarkBuddy_BackEnd] [http-nio-8080-exec-5] o.s.security.web.FilterChainProxy        : Invoking AuthorizationFilter (13/13)
2025-09-18T12:48:17.742+05:30 TRACE 21564 --- [BarkBuddy_BackEnd] [http-nio-8080-exec-5] estMatcherDelegatingAuthorizationManager : Authorizing GET /api/listings
2025-09-18T12:48:17.743+05:30 TRACE 21564 --- [BarkBuddy_BackEnd] [http-nio-8080-exec-5] estMatcherDelegatingAuthorizationManager : Checking authorization on GET /api/listings using org.springframework.security.authorization.SingleResultAuthorizationManager@c177466
2025-09-18T12:48:17.743+05:30 DEBUG 21564 --- [BarkBuddy_BackEnd] [http-nio-8080-exec-5] o.s.security.web.FilterChainProxy        : Secured GET /api/listings
2025-09-18T12:48:17.743+05:30 TRACE 21564 --- [BarkBuddy_BackEnd] [http-nio-8080-exec-3] o.s.security.web.FilterChainProxy        : Trying to match request against DefaultSecurityFilterChain defined as 'oauth2SecurityFilterChain' in [class path resource [com/example/barkbuddy_backend/config/SecurityConfig.class]] matching [Or [Mvc [pattern='/oauth2/**'], Mvc [pattern='/login/oauth2/**'], Mvc [pattern='/oauth2/success']]] and having filters [DisableEncodeUrl, WebAsyncManagerIntegration, SecurityContextHolder, HeaderWriter, Cors, Logout, OAuth2AuthorizationRequestRedirect, OAuth2LoginAuthentication, DefaultResources, DefaultLoginPageGenerating, DefaultLogoutPageGenerating, RequestCacheAware, SecurityContextHolderAwareRequest, AnonymousAuthentication, SessionManagement, ExceptionTranslation, Authorization] (1/2)
2025-09-18T12:48:17.743+05:30 DEBUG 21564 --- [BarkBuddy_BackEnd] [http-nio-8080-exec-5] o.s.web.servlet.DispatcherServlet        : GET "/api/listings", parameters={}
2025-09-18T12:48:17.743+05:30 TRACE 21564 --- [BarkBuddy_BackEnd] [http-nio-8080-exec-3] o.s.security.web.FilterChainProxy        : Trying to match request against DefaultSecurityFilterChain defined as 'apiSecurityFilterChain' in [class path resource [com/example/barkbuddy_backend/config/SecurityConfig.class]] matching [Or [Mvc [pattern='/**']]] and having filters [DisableEncodeUrl, WebAsyncManagerIntegration, SecurityContextHolder, HeaderWriter, Cors, Logout, JWTAuth, RequestCacheAware, SecurityContextHolderAwareRequest, AnonymousAuthentication, SessionManagement, ExceptionTranslation, Authorization] (2/2)
2025-09-18T12:48:17.743+05:30 DEBUG 21564 --- [BarkBuddy_BackEnd] [http-nio-8080-exec-3] o.s.security.web.FilterChainProxy        : Securing GET /api/adoption/my-dogs
2025-09-18T12:48:17.743+05:30 DEBUG 21564 --- [BarkBuddy_BackEnd] [http-nio-8080-exec-5] s.w.s.m.m.a.RequestMappingHandlerMapping : Mapped to com.example.barkbuddy_backend.controller.ListingController#getAllEquipments()
2025-09-18T12:48:17.743+05:30 TRACE 21564 --- [BarkBuddy_BackEnd] [http-nio-8080-exec-3] o.s.security.web.FilterChainProxy        : Invoking DisableEncodeUrlFilter (1/13)
2025-09-18T12:48:17.744+05:30 TRACE 21564 --- [BarkBuddy_BackEnd] [http-nio-8080-exec-3] o.s.security.web.FilterChainProxy        : Invoking WebAsyncManagerIntegrationFilter (2/13)
2025-09-18T12:48:17.744+05:30 TRACE 21564 --- [BarkBuddy_BackEnd] [http-nio-8080-exec-3] o.s.security.web.FilterChainProxy        : Invoking SecurityContextHolderFilter (3/13)
2025-09-18T12:48:17.744+05:30 TRACE 21564 --- [BarkBuddy_BackEnd] [http-nio-8080-exec-3] o.s.security.web.FilterChainProxy        : Invoking HeaderWriterFilter (4/13)
2025-09-18T12:48:17.744+05:30 TRACE 21564 --- [BarkBuddy_BackEnd] [http-nio-8080-exec-3] o.s.security.web.FilterChainProxy        : Invoking CorsFilter (5/13)
2025-09-18T12:48:17.744+05:30 TRACE 21564 --- [BarkBuddy_BackEnd] [http-nio-8080-exec-3] o.s.security.web.FilterChainProxy        : Invoking LogoutFilter (6/13)
2025-09-18T12:48:17.744+05:30 TRACE 21564 --- [BarkBuddy_BackEnd] [http-nio-8080-exec-3] o.s.s.w.a.logout.LogoutFilter            : Did not match request to Or [Ant [pattern='/logout', GET], Ant [pattern='/logout', POST], Ant [pattern='/logout', PUT], Ant [pattern='/logout', DELETE]]
2025-09-18T12:48:17.745+05:30 TRACE 21564 --- [BarkBuddy_BackEnd] [http-nio-8080-exec-3] o.s.security.web.FilterChainProxy        : Invoking JWTAuthFilter (7/13)
2025-09-18T12:48:17.749+05:30 TRACE 21564 --- [BarkBuddy_BackEnd] [http-nio-8080-exec-3] .s.s.w.c.SupplierDeferredSecurityContext : Created SecurityContextImpl [Null authentication]
2025-09-18T12:48:17.753+05:30 TRACE 21564 --- [BarkBuddy_BackEnd] [http-nio-8080-exec-3] o.s.security.web.FilterChainProxy        : Invoking RequestCacheAwareFilter (8/13)
2025-09-18T12:48:17.753+05:30 TRACE 21564 --- [BarkBuddy_BackEnd] [http-nio-8080-exec-3] o.s.security.web.FilterChainProxy        : Invoking SecurityContextHolderAwareRequestFilter (9/13)
2025-09-18T12:48:17.753+05:30 TRACE 21564 --- [BarkBuddy_BackEnd] [http-nio-8080-exec-3] o.s.security.web.FilterChainProxy        : Invoking AnonymousAuthenticationFilter (10/13)
2025-09-18T12:48:17.753+05:30 TRACE 21564 --- [BarkBuddy_BackEnd] [http-nio-8080-exec-3] o.s.security.web.FilterChainProxy        : Invoking SessionManagementFilter (11/13)
2025-09-18T12:48:17.754+05:30 TRACE 21564 --- [BarkBuddy_BackEnd] [http-nio-8080-exec-3] o.s.s.w.a.AnonymousAuthenticationFilter  : Did not set SecurityContextHolder since already authenticated UsernamePasswordAuthenticationToken [Principal=amandasathsarani03@gmail.com, Credentials=[PROTECTED], Authenticated=true, Details=WebAuthenticationDetails [RemoteIpAddress=0:0:0:0:0:0:0:1, SessionId=null], Granted Authorities=[ROLE_USER]]
2025-09-18T12:48:17.754+05:30 TRACE 21564 --- [BarkBuddy_BackEnd] [http-nio-8080-exec-3] s.CompositeSessionAuthenticationStrategy : Preparing session with ChangeSessionIdAuthenticationStrategy (1/1)
2025-09-18T12:48:17.754+05:30 TRACE 21564 --- [BarkBuddy_BackEnd] [http-nio-8080-exec-3] o.s.security.web.FilterChainProxy        : Invoking ExceptionTranslationFilter (12/13)
2025-09-18T12:48:17.754+05:30 TRACE 21564 --- [BarkBuddy_BackEnd] [http-nio-8080-exec-3] o.s.security.web.FilterChainProxy        : Invoking AuthorizationFilter (13/13)
2025-09-18T12:48:17.754+05:30 TRACE 21564 --- [BarkBuddy_BackEnd] [http-nio-8080-exec-3] estMatcherDelegatingAuthorizationManager : Authorizing GET /api/adoption/my-dogs
2025-09-18T12:48:17.756+05:30 TRACE 21564 --- [BarkBuddy_BackEnd] [http-nio-8080-exec-3] estMatcherDelegatingAuthorizationManager : Checking authorization on GET /api/adoption/my-dogs using org.springframework.security.authorization.SingleResultAuthorizationManager@c177466
2025-09-18T12:48:17.756+05:30 DEBUG 21564 --- [BarkBuddy_BackEnd] [http-nio-8080-exec-3] o.s.security.web.FilterChainProxy        : Secured GET /api/adoption/my-dogs
2025-09-18T12:48:17.757+05:30 DEBUG 21564 --- [BarkBuddy_BackEnd] [http-nio-8080-exec-3] o.s.web.servlet.DispatcherServlet        : GET "/api/adoption/my-dogs", parameters={}
2025-09-18T12:48:17.758+05:30 DEBUG 21564 --- [BarkBuddy_BackEnd] [http-nio-8080-exec-3] s.w.s.m.m.a.RequestMappingHandlerMapping : Mapped to com.example.barkbuddy_backend.controller.AdoptionApplicationController#getMyDogsAdoptionRequests(String)
2025-09-18T12:48:17.766+05:30 DEBUG 21564 --- [BarkBuddy_BackEnd] [http-nio-8080-exec-5] o.s.w.s.m.m.a.HttpEntityMethodProcessor  : Using 'application/json', given [*/*] and supported [application/json, application/*+json]
2025-09-18T12:48:17.766+05:30 DEBUG 21564 --- [BarkBuddy_BackEnd] [http-nio-8080-exec-5] o.s.w.s.m.m.a.HttpEntityMethodProcessor  : Writing [[ListingDTO(id=1, listingName=Dog Food, listingDescription=Royal Canin Maxi Puppy 4kg, price=9000.00 (truncated)...]
2025-09-18T12:48:17.766+05:30 TRACE 21564 --- [BarkBuddy_BackEnd] [http-nio-8080-exec-5] o.s.s.w.header.writers.HstsHeaderWriter  : Not injecting HSTS header since it did not match request to [Is Secure]
2025-09-18T12:48:17.767+05:30 DEBUG 21564 --- [BarkBuddy_BackEnd] [http-nio-8080-exec-5] o.s.web.servlet.DispatcherServlet        : Completed 200 OK
2025-09-18T12:48:17.801+05:30 DEBUG 21564 --- [BarkBuddy_BackEnd] [http-nio-8080-exec-3] o.s.w.s.m.m.a.HttpEntityMethodProcessor  : Using 'application/json', given [*/*] and supported [application/json, application/*+json]
2025-09-18T12:48:17.803+05:30 DEBUG 21564 --- [BarkBuddy_BackEnd] [http-nio-8080-exec-3] o.s.w.s.m.m.a.HttpEntityMethodProcessor  : Writing [[AdoptionApplicationDTO(id=2, dogId=5, dogName=Bruno, ownerUsername=Nethmi Nanayakkara, adopterName= (truncated)...]
2025-09-18T12:48:17.804+05:30 TRACE 21564 --- [BarkBuddy_BackEnd] [http-nio-8080-exec-3] o.s.s.w.header.writers.HstsHeaderWriter  : Not injecting HSTS header since it did not match request to [Is Secure]
2025-09-18T12:48:17.804+05:30 DEBUG 21564 --- [BarkBuddy_BackEnd] [http-nio-8080-exec-3] o.s.web.servlet.DispatcherServlet        : Completed 200 OK
