2025-08-25T14:15:06.426+05:30  INFO 3600 --- [BarkBuddy_BackEnd] [restartedMain] c.e.b.BarkBuddyBackEndApplication        : Starting BarkBuddyBackEndApplication using Java 21.0.3 with PID 3600 (D:\Final_Project\BarkBuddy_BackEnd\target\classes started by Nethmi in D:\Final_Project)
2025-08-25T14:15:06.435+05:30 DEBUG 3600 --- [BarkBuddy_BackEnd] [restartedMain] c.e.b.BarkBuddyBackEndApplication        : Running with Spring Boot v3.5.4, Spring v6.2.9
2025-08-25T14:15:06.436+05:30  INFO 3600 --- [BarkBuddy_BackEnd] [restartedMain] c.e.b.BarkBuddyBackEndApplication        : No active profile set, falling back to 1 default profile: "default"
2025-08-25T14:15:06.541+05:30  INFO 3600 --- [BarkBuddy_BackEnd] [restartedMain] .e.DevToolsPropertyDefaultsPostProcessor : Devtools property defaults active! Set 'spring.devtools.add-properties' to 'false' to disable
2025-08-25T14:15:06.544+05:30  INFO 3600 --- [BarkBuddy_BackEnd] [restartedMain] .e.DevToolsPropertyDefaultsPostProcessor : For additional web related logging consider setting the 'logging.level.web' property to 'DEBUG'
2025-08-25T14:15:07.868+05:30  INFO 3600 --- [BarkBuddy_BackEnd] [restartedMain] .s.d.r.c.RepositoryConfigurationDelegate : Bootstrapping Spring Data JPA repositories in DEFAULT mode.
2025-08-25T14:15:08.005+05:30  INFO 3600 --- [BarkBuddy_BackEnd] [restartedMain] .s.d.r.c.RepositoryConfigurationDelegate : Finished Spring Data repository scanning in 119 ms. Found 2 JPA repository interfaces.
2025-08-25T14:15:09.201+05:30  INFO 3600 --- [BarkBuddy_BackEnd] [restartedMain] o.s.b.w.embedded.tomcat.TomcatWebServer  : Tomcat initialized with port 8080 (http)
2025-08-25T14:15:09.226+05:30  INFO 3600 --- [BarkBuddy_BackEnd] [restartedMain] o.apache.catalina.core.StandardService   : Starting service [Tomcat]
2025-08-25T14:15:09.227+05:30  INFO 3600 --- [BarkBuddy_BackEnd] [restartedMain] o.apache.catalina.core.StandardEngine    : Starting Servlet engine: [Apache Tomcat/10.1.43]
2025-08-25T14:15:09.306+05:30  INFO 3600 --- [BarkBuddy_BackEnd] [restartedMain] o.a.c.c.C.[Tomcat].[localhost].[/]       : Initializing Spring embedded WebApplicationContext
2025-08-25T14:15:09.307+05:30  INFO 3600 --- [BarkBuddy_BackEnd] [restartedMain] w.s.c.ServletWebServerApplicationContext : Root WebApplicationContext: initialization completed in 2762 ms
2025-08-25T14:15:09.400+05:30 DEBUG 3600 --- [BarkBuddy_BackEnd] [restartedMain] c.e.b.util.JWTAuthFilter                 : Filter 'JWTAuthFilter' configured for use
2025-08-25T14:15:09.610+05:30  INFO 3600 --- [BarkBuddy_BackEnd] [restartedMain] o.hibernate.jpa.internal.util.LogHelper  : HHH000204: Processing PersistenceUnitInfo [name: default]
2025-08-25T14:15:09.722+05:30  INFO 3600 --- [BarkBuddy_BackEnd] [restartedMain] org.hibernate.Version                    : HHH000412: Hibernate ORM core version 6.6.22.Final
2025-08-25T14:15:09.767+05:30  INFO 3600 --- [BarkBuddy_BackEnd] [restartedMain] o.h.c.internal.RegionFactoryInitiator    : HHH000026: Second-level cache disabled
2025-08-25T14:15:10.185+05:30  INFO 3600 --- [BarkBuddy_BackEnd] [restartedMain] o.s.o.j.p.SpringPersistenceUnitInfo      : No LoadTimeWeaver setup: ignoring JPA class transformer
2025-08-25T14:15:10.227+05:30  INFO 3600 --- [BarkBuddy_BackEnd] [restartedMain] com.zaxxer.hikari.HikariDataSource       : HikariPool-1 - Starting...
2025-08-25T14:15:10.752+05:30  INFO 3600 --- [BarkBuddy_BackEnd] [restartedMain] com.zaxxer.hikari.pool.HikariPool        : HikariPool-1 - Added connection com.mysql.cj.jdbc.ConnectionImpl@e57873d
2025-08-25T14:15:10.754+05:30  INFO 3600 --- [BarkBuddy_BackEnd] [restartedMain] com.zaxxer.hikari.HikariDataSource       : HikariPool-1 - Start completed.
2025-08-25T14:15:10.855+05:30  WARN 3600 --- [BarkBuddy_BackEnd] [restartedMain] org.hibernate.orm.deprecation            : HHH90000025: MySQLDialect does not need to be specified explicitly using 'hibernate.dialect' (remove the property setting and it will be selected by default)
2025-08-25T14:15:10.886+05:30  INFO 3600 --- [BarkBuddy_BackEnd] [restartedMain] org.hibernate.orm.connections.pooling    : HHH10001005: Database info:
	Database JDBC URL [Connecting through datasource 'HikariDataSource (HikariPool-1)']
	Database driver: undefined/unknown
	Database version: 8.1
	Autocommit mode: undefined/unknown
	Isolation level: undefined/unknown
	Minimum pool size: undefined/unknown
	Maximum pool size: undefined/unknown
2025-08-25T14:15:12.028+05:30  INFO 3600 --- [BarkBuddy_BackEnd] [restartedMain] o.h.e.t.j.p.i.JtaPlatformInitiator       : HHH000489: No JTA platform available (set 'hibernate.transaction.jta.platform' to enable JTA platform integration)
2025-08-25T14:15:12.112+05:30  INFO 3600 --- [BarkBuddy_BackEnd] [restartedMain] j.LocalContainerEntityManagerFactoryBean : Initialized JPA EntityManagerFactory for persistence unit 'default'
2025-08-25T14:15:12.581+05:30  INFO 3600 --- [BarkBuddy_BackEnd] [restartedMain] eAuthenticationProviderManagerConfigurer : Global AuthenticationManager configured with AuthenticationProvider bean with name authenticationProvider
2025-08-25T14:15:12.581+05:30  WARN 3600 --- [BarkBuddy_BackEnd] [restartedMain] r$InitializeUserDetailsManagerConfigurer : Global AuthenticationManager configured with an AuthenticationProvider bean. UserDetailsService beans will not be used by Spring Security for automatically configuring username/password login. Consider removing the AuthenticationProvider bean. Alternatively, consider using the UserDetailsService in a manually instantiated DaoAuthenticationProvider. If the current configuration is intentional, to turn off this warning, increase the logging level of 'org.springframework.security.config.annotation.authentication.configuration.InitializeUserDetailsBeanManagerConfigurer' to ERROR
2025-08-25T14:15:12.677+05:30  WARN 3600 --- [BarkBuddy_BackEnd] [restartedMain] JpaBaseConfiguration$JpaWebConfiguration : spring.jpa.open-in-view is enabled by default. Therefore, database queries may be performed during view rendering. Explicitly configure spring.jpa.open-in-view to disable this warning
2025-08-25T14:15:12.816+05:30 DEBUG 3600 --- [BarkBuddy_BackEnd] [restartedMain] s.w.s.m.m.a.RequestMappingHandlerMapping : 15 mappings in 'requestMappingHandlerMapping'
2025-08-25T14:15:12.931+05:30 DEBUG 3600 --- [BarkBuddy_BackEnd] [restartedMain] o.s.w.s.handler.SimpleUrlHandlerMapping  : Patterns [/webjars/**, /**] in 'resourceHandlerMapping'
2025-08-25T14:15:13.130+05:30  INFO 3600 --- [BarkBuddy_BackEnd] [restartedMain] o.s.v.b.OptionalValidatorFactoryBean     : Failed to set up a Bean Validation provider: jakarta.validation.NoProviderFoundException: Unable to create a Configuration, because no Jakarta Bean Validation provider could be found. Add a provider like Hibernate Validator (RI) to your classpath.
2025-08-25T14:15:13.159+05:30 DEBUG 3600 --- [BarkBuddy_BackEnd] [restartedMain] s.w.s.m.m.a.RequestMappingHandlerAdapter : ControllerAdvice beans: 0 @ModelAttribute, 0 @InitBinder, 1 RequestBodyAdvice, 1 ResponseBodyAdvice
2025-08-25T14:15:13.228+05:30 DEBUG 3600 --- [BarkBuddy_BackEnd] [restartedMain] .m.m.a.ExceptionHandlerExceptionResolver : ControllerAdvice beans: 0 @ExceptionHandler, 1 ResponseBodyAdvice
2025-08-25T14:15:13.377+05:30  WARN 3600 --- [BarkBuddy_BackEnd] [restartedMain] o.s.b.d.a.OptionalLiveReloadServer       : Unable to start LiveReload server
2025-08-25T14:15:13.411+05:30  WARN 3600 --- [BarkBuddy_BackEnd] [restartedMain] ConfigServletWebServerApplicationContext : Exception encountered during context initialization - cancelling refresh attempt: org.springframework.context.ApplicationContextException: Failed to start bean 'webServerStartStop'
2025-08-25T14:15:13.414+05:30  INFO 3600 --- [BarkBuddy_BackEnd] [restartedMain] j.LocalContainerEntityManagerFactoryBean : Closing JPA EntityManagerFactory for persistence unit 'default'
2025-08-25T14:15:13.418+05:30  INFO 3600 --- [BarkBuddy_BackEnd] [restartedMain] com.zaxxer.hikari.HikariDataSource       : HikariPool-1 - Shutdown initiated...
2025-08-25T14:15:13.427+05:30  INFO 3600 --- [BarkBuddy_BackEnd] [restartedMain] com.zaxxer.hikari.HikariDataSource       : HikariPool-1 - Shutdown completed.
2025-08-25T14:15:13.442+05:30  INFO 3600 --- [BarkBuddy_BackEnd] [restartedMain] .s.b.a.l.ConditionEvaluationReportLogger : 

Error starting ApplicationContext. To display the condition evaluation report re-run your application with 'debug' enabled.
2025-08-25T14:15:13.459+05:30 ERROR 3600 --- [BarkBuddy_BackEnd] [restartedMain] o.s.b.d.LoggingFailureAnalysisReporter   : 

***************************
APPLICATION FAILED TO START
***************************

Description:

Web server failed to start. Port 8080 was already in use.

Action:

Identify and stop the process that's listening on port 8080 or configure this application to listen on another port.

2025-08-25T14:17:25.134+05:30  INFO 23376 --- [BarkBuddy_BackEnd] [restartedMain] c.e.b.BarkBuddyBackEndApplication        : Starting BarkBuddyBackEndApplication using Java 21.0.3 with PID 23376 (D:\Final_Project\BarkBuddy_BackEnd\target\classes started by Nethmi in D:\Final_Project)
2025-08-25T14:17:25.138+05:30 DEBUG 23376 --- [BarkBuddy_BackEnd] [restartedMain] c.e.b.BarkBuddyBackEndApplication        : Running with Spring Boot v3.5.4, Spring v6.2.9
2025-08-25T14:17:25.139+05:30  INFO 23376 --- [BarkBuddy_BackEnd] [restartedMain] c.e.b.BarkBuddyBackEndApplication        : No active profile set, falling back to 1 default profile: "default"
2025-08-25T14:17:25.218+05:30  INFO 23376 --- [BarkBuddy_BackEnd] [restartedMain] .e.DevToolsPropertyDefaultsPostProcessor : Devtools property defaults active! Set 'spring.devtools.add-properties' to 'false' to disable
2025-08-25T14:17:25.218+05:30  INFO 23376 --- [BarkBuddy_BackEnd] [restartedMain] .e.DevToolsPropertyDefaultsPostProcessor : For additional web related logging consider setting the 'logging.level.web' property to 'DEBUG'
2025-08-25T14:17:26.386+05:30  INFO 23376 --- [BarkBuddy_BackEnd] [restartedMain] .s.d.r.c.RepositoryConfigurationDelegate : Bootstrapping Spring Data JPA repositories in DEFAULT mode.
2025-08-25T14:17:26.512+05:30  INFO 23376 --- [BarkBuddy_BackEnd] [restartedMain] .s.d.r.c.RepositoryConfigurationDelegate : Finished Spring Data repository scanning in 92 ms. Found 2 JPA repository interfaces.
2025-08-25T14:17:27.386+05:30  INFO 23376 --- [BarkBuddy_BackEnd] [restartedMain] o.s.b.w.embedded.tomcat.TomcatWebServer  : Tomcat initialized with port 8080 (http)
2025-08-25T14:17:27.406+05:30  INFO 23376 --- [BarkBuddy_BackEnd] [restartedMain] o.apache.catalina.core.StandardService   : Starting service [Tomcat]
2025-08-25T14:17:27.407+05:30  INFO 23376 --- [BarkBuddy_BackEnd] [restartedMain] o.apache.catalina.core.StandardEngine    : Starting Servlet engine: [Apache Tomcat/10.1.43]
2025-08-25T14:17:27.472+05:30  INFO 23376 --- [BarkBuddy_BackEnd] [restartedMain] o.a.c.c.C.[Tomcat].[localhost].[/]       : Initializing Spring embedded WebApplicationContext
2025-08-25T14:17:27.473+05:30  INFO 23376 --- [BarkBuddy_BackEnd] [restartedMain] w.s.c.ServletWebServerApplicationContext : Root WebApplicationContext: initialization completed in 2254 ms
2025-08-25T14:17:27.554+05:30 DEBUG 23376 --- [BarkBuddy_BackEnd] [restartedMain] c.e.b.util.JWTAuthFilter                 : Filter 'JWTAuthFilter' configured for use
2025-08-25T14:17:27.771+05:30  INFO 23376 --- [BarkBuddy_BackEnd] [restartedMain] o.hibernate.jpa.internal.util.LogHelper  : HHH000204: Processing PersistenceUnitInfo [name: default]
2025-08-25T14:17:27.913+05:30  INFO 23376 --- [BarkBuddy_BackEnd] [restartedMain] org.hibernate.Version                    : HHH000412: Hibernate ORM core version 6.6.22.Final
2025-08-25T14:17:27.989+05:30  INFO 23376 --- [BarkBuddy_BackEnd] [restartedMain] o.h.c.internal.RegionFactoryInitiator    : HHH000026: Second-level cache disabled
2025-08-25T14:17:28.520+05:30  INFO 23376 --- [BarkBuddy_BackEnd] [restartedMain] o.s.o.j.p.SpringPersistenceUnitInfo      : No LoadTimeWeaver setup: ignoring JPA class transformer
2025-08-25T14:17:28.574+05:30  INFO 23376 --- [BarkBuddy_BackEnd] [restartedMain] com.zaxxer.hikari.HikariDataSource       : HikariPool-1 - Starting...
2025-08-25T14:17:29.430+05:30  INFO 23376 --- [BarkBuddy_BackEnd] [restartedMain] com.zaxxer.hikari.pool.HikariPool        : HikariPool-1 - Added connection com.mysql.cj.jdbc.ConnectionImpl@199fe7b4
2025-08-25T14:17:29.434+05:30  INFO 23376 --- [BarkBuddy_BackEnd] [restartedMain] com.zaxxer.hikari.HikariDataSource       : HikariPool-1 - Start completed.
2025-08-25T14:17:29.614+05:30  WARN 23376 --- [BarkBuddy_BackEnd] [restartedMain] org.hibernate.orm.deprecation            : HHH90000025: MySQLDialect does not need to be specified explicitly using 'hibernate.dialect' (remove the property setting and it will be selected by default)
2025-08-25T14:17:29.657+05:30  INFO 23376 --- [BarkBuddy_BackEnd] [restartedMain] org.hibernate.orm.connections.pooling    : HHH10001005: Database info:
	Database JDBC URL [Connecting through datasource 'HikariDataSource (HikariPool-1)']
	Database driver: undefined/unknown
	Database version: 8.1
	Autocommit mode: undefined/unknown
	Isolation level: undefined/unknown
	Minimum pool size: undefined/unknown
	Maximum pool size: undefined/unknown
2025-08-25T14:17:31.342+05:30  INFO 23376 --- [BarkBuddy_BackEnd] [restartedMain] o.h.e.t.j.p.i.JtaPlatformInitiator       : HHH000489: No JTA platform available (set 'hibernate.transaction.jta.platform' to enable JTA platform integration)
2025-08-25T14:17:31.591+05:30  INFO 23376 --- [BarkBuddy_BackEnd] [restartedMain] j.LocalContainerEntityManagerFactoryBean : Initialized JPA EntityManagerFactory for persistence unit 'default'
2025-08-25T14:17:32.186+05:30  INFO 23376 --- [BarkBuddy_BackEnd] [restartedMain] eAuthenticationProviderManagerConfigurer : Global AuthenticationManager configured with AuthenticationProvider bean with name authenticationProvider
2025-08-25T14:17:32.187+05:30  WARN 23376 --- [BarkBuddy_BackEnd] [restartedMain] r$InitializeUserDetailsManagerConfigurer : Global AuthenticationManager configured with an AuthenticationProvider bean. UserDetailsService beans will not be used by Spring Security for automatically configuring username/password login. Consider removing the AuthenticationProvider bean. Alternatively, consider using the UserDetailsService in a manually instantiated DaoAuthenticationProvider. If the current configuration is intentional, to turn off this warning, increase the logging level of 'org.springframework.security.config.annotation.authentication.configuration.InitializeUserDetailsBeanManagerConfigurer' to ERROR
2025-08-25T14:17:32.315+05:30  WARN 23376 --- [BarkBuddy_BackEnd] [restartedMain] JpaBaseConfiguration$JpaWebConfiguration : spring.jpa.open-in-view is enabled by default. Therefore, database queries may be performed during view rendering. Explicitly configure spring.jpa.open-in-view to disable this warning
2025-08-25T14:17:32.479+05:30 DEBUG 23376 --- [BarkBuddy_BackEnd] [restartedMain] s.w.s.m.m.a.RequestMappingHandlerMapping : 15 mappings in 'requestMappingHandlerMapping'
2025-08-25T14:17:32.653+05:30 DEBUG 23376 --- [BarkBuddy_BackEnd] [restartedMain] o.s.w.s.handler.SimpleUrlHandlerMapping  : Patterns [/webjars/**, /**] in 'resourceHandlerMapping'
2025-08-25T14:17:32.932+05:30  INFO 23376 --- [BarkBuddy_BackEnd] [restartedMain] o.s.v.b.OptionalValidatorFactoryBean     : Failed to set up a Bean Validation provider: jakarta.validation.NoProviderFoundException: Unable to create a Configuration, because no Jakarta Bean Validation provider could be found. Add a provider like Hibernate Validator (RI) to your classpath.
2025-08-25T14:17:32.989+05:30 DEBUG 23376 --- [BarkBuddy_BackEnd] [restartedMain] s.w.s.m.m.a.RequestMappingHandlerAdapter : ControllerAdvice beans: 0 @ModelAttribute, 0 @InitBinder, 1 RequestBodyAdvice, 1 ResponseBodyAdvice
2025-08-25T14:17:33.081+05:30 DEBUG 23376 --- [BarkBuddy_BackEnd] [restartedMain] .m.m.a.ExceptionHandlerExceptionResolver : ControllerAdvice beans: 0 @ExceptionHandler, 1 ResponseBodyAdvice
2025-08-25T14:17:33.292+05:30  WARN 23376 --- [BarkBuddy_BackEnd] [restartedMain] o.s.b.d.a.OptionalLiveReloadServer       : Unable to start LiveReload server
2025-08-25T14:17:33.336+05:30  WARN 23376 --- [BarkBuddy_BackEnd] [restartedMain] ConfigServletWebServerApplicationContext : Exception encountered during context initialization - cancelling refresh attempt: org.springframework.context.ApplicationContextException: Failed to start bean 'webServerStartStop'
2025-08-25T14:17:33.341+05:30  INFO 23376 --- [BarkBuddy_BackEnd] [restartedMain] j.LocalContainerEntityManagerFactoryBean : Closing JPA EntityManagerFactory for persistence unit 'default'
2025-08-25T14:17:33.344+05:30  INFO 23376 --- [BarkBuddy_BackEnd] [restartedMain] com.zaxxer.hikari.HikariDataSource       : HikariPool-1 - Shutdown initiated...
2025-08-25T14:17:33.359+05:30  INFO 23376 --- [BarkBuddy_BackEnd] [restartedMain] com.zaxxer.hikari.HikariDataSource       : HikariPool-1 - Shutdown completed.
2025-08-25T14:17:33.389+05:30  INFO 23376 --- [BarkBuddy_BackEnd] [restartedMain] .s.b.a.l.ConditionEvaluationReportLogger : 

Error starting ApplicationContext. To display the condition evaluation report re-run your application with 'debug' enabled.
2025-08-25T14:17:33.422+05:30 ERROR 23376 --- [BarkBuddy_BackEnd] [restartedMain] o.s.b.d.LoggingFailureAnalysisReporter   : 

***************************
APPLICATION FAILED TO START
***************************

Description:

Web server failed to start. Port 8080 was already in use.

Action:

Identify and stop the process that's listening on port 8080 or configure this application to listen on another port.

2025-08-25T14:18:02.953+05:30  INFO 13972 --- [BarkBuddy_BackEnd] [restartedMain] c.e.b.BarkBuddyBackEndApplication        : Starting BarkBuddyBackEndApplication using Java 21.0.3 with PID 13972 (D:\Final_Project\BarkBuddy_BackEnd\target\classes started by Nethmi in D:\Final_Project)
2025-08-25T14:18:02.955+05:30 DEBUG 13972 --- [BarkBuddy_BackEnd] [restartedMain] c.e.b.BarkBuddyBackEndApplication        : Running with Spring Boot v3.5.4, Spring v6.2.9
2025-08-25T14:18:02.956+05:30  INFO 13972 --- [BarkBuddy_BackEnd] [restartedMain] c.e.b.BarkBuddyBackEndApplication        : No active profile set, falling back to 1 default profile: "default"
2025-08-25T14:18:03.044+05:30  INFO 13972 --- [BarkBuddy_BackEnd] [restartedMain] .e.DevToolsPropertyDefaultsPostProcessor : Devtools property defaults active! Set 'spring.devtools.add-properties' to 'false' to disable
2025-08-25T14:18:03.044+05:30  INFO 13972 --- [BarkBuddy_BackEnd] [restartedMain] .e.DevToolsPropertyDefaultsPostProcessor : For additional web related logging consider setting the 'logging.level.web' property to 'DEBUG'
2025-08-25T14:18:04.403+05:30  INFO 13972 --- [BarkBuddy_BackEnd] [restartedMain] .s.d.r.c.RepositoryConfigurationDelegate : Bootstrapping Spring Data JPA repositories in DEFAULT mode.
2025-08-25T14:18:04.540+05:30  INFO 13972 --- [BarkBuddy_BackEnd] [restartedMain] .s.d.r.c.RepositoryConfigurationDelegate : Finished Spring Data repository scanning in 118 ms. Found 2 JPA repository interfaces.
2025-08-25T14:18:05.511+05:30  INFO 13972 --- [BarkBuddy_BackEnd] [restartedMain] o.s.b.w.embedded.tomcat.TomcatWebServer  : Tomcat initialized with port 8080 (http)
2025-08-25T14:18:05.543+05:30  INFO 13972 --- [BarkBuddy_BackEnd] [restartedMain] o.apache.catalina.core.StandardService   : Starting service [Tomcat]
2025-08-25T14:18:05.544+05:30  INFO 13972 --- [BarkBuddy_BackEnd] [restartedMain] o.apache.catalina.core.StandardEngine    : Starting Servlet engine: [Apache Tomcat/10.1.43]
2025-08-25T14:18:05.638+05:30  INFO 13972 --- [BarkBuddy_BackEnd] [restartedMain] o.a.c.c.C.[Tomcat].[localhost].[/]       : Initializing Spring embedded WebApplicationContext
2025-08-25T14:18:05.640+05:30  INFO 13972 --- [BarkBuddy_BackEnd] [restartedMain] w.s.c.ServletWebServerApplicationContext : Root WebApplicationContext: initialization completed in 2595 ms
2025-08-25T14:18:05.753+05:30 DEBUG 13972 --- [BarkBuddy_BackEnd] [restartedMain] c.e.b.util.JWTAuthFilter                 : Filter 'JWTAuthFilter' configured for use
2025-08-25T14:18:05.970+05:30  INFO 13972 --- [BarkBuddy_BackEnd] [restartedMain] o.hibernate.jpa.internal.util.LogHelper  : HHH000204: Processing PersistenceUnitInfo [name: default]
2025-08-25T14:18:06.056+05:30  INFO 13972 --- [BarkBuddy_BackEnd] [restartedMain] org.hibernate.Version                    : HHH000412: Hibernate ORM core version 6.6.22.Final
2025-08-25T14:18:06.114+05:30  INFO 13972 --- [BarkBuddy_BackEnd] [restartedMain] o.h.c.internal.RegionFactoryInitiator    : HHH000026: Second-level cache disabled
2025-08-25T14:18:06.482+05:30  INFO 13972 --- [BarkBuddy_BackEnd] [restartedMain] o.s.o.j.p.SpringPersistenceUnitInfo      : No LoadTimeWeaver setup: ignoring JPA class transformer
2025-08-25T14:18:06.520+05:30  INFO 13972 --- [BarkBuddy_BackEnd] [restartedMain] com.zaxxer.hikari.HikariDataSource       : HikariPool-1 - Starting...
2025-08-25T14:18:07.157+05:30  INFO 13972 --- [BarkBuddy_BackEnd] [restartedMain] com.zaxxer.hikari.pool.HikariPool        : HikariPool-1 - Added connection com.mysql.cj.jdbc.ConnectionImpl@2b94a9ee
2025-08-25T14:18:07.160+05:30  INFO 13972 --- [BarkBuddy_BackEnd] [restartedMain] com.zaxxer.hikari.HikariDataSource       : HikariPool-1 - Start completed.
2025-08-25T14:18:07.254+05:30  WARN 13972 --- [BarkBuddy_BackEnd] [restartedMain] org.hibernate.orm.deprecation            : HHH90000025: MySQLDialect does not need to be specified explicitly using 'hibernate.dialect' (remove the property setting and it will be selected by default)
2025-08-25T14:18:07.277+05:30  INFO 13972 --- [BarkBuddy_BackEnd] [restartedMain] org.hibernate.orm.connections.pooling    : HHH10001005: Database info:
	Database JDBC URL [Connecting through datasource 'HikariDataSource (HikariPool-1)']
	Database driver: undefined/unknown
	Database version: 8.1
	Autocommit mode: undefined/unknown
	Isolation level: undefined/unknown
	Minimum pool size: undefined/unknown
	Maximum pool size: undefined/unknown
2025-08-25T14:18:08.982+05:30  INFO 13972 --- [BarkBuddy_BackEnd] [restartedMain] o.h.e.t.j.p.i.JtaPlatformInitiator       : HHH000489: No JTA platform available (set 'hibernate.transaction.jta.platform' to enable JTA platform integration)
2025-08-25T14:18:09.123+05:30  INFO 13972 --- [BarkBuddy_BackEnd] [restartedMain] j.LocalContainerEntityManagerFactoryBean : Initialized JPA EntityManagerFactory for persistence unit 'default'
2025-08-25T14:18:09.579+05:30  INFO 13972 --- [BarkBuddy_BackEnd] [restartedMain] eAuthenticationProviderManagerConfigurer : Global AuthenticationManager configured with AuthenticationProvider bean with name authenticationProvider
2025-08-25T14:18:09.579+05:30  WARN 13972 --- [BarkBuddy_BackEnd] [restartedMain] r$InitializeUserDetailsManagerConfigurer : Global AuthenticationManager configured with an AuthenticationProvider bean. UserDetailsService beans will not be used by Spring Security for automatically configuring username/password login. Consider removing the AuthenticationProvider bean. Alternatively, consider using the UserDetailsService in a manually instantiated DaoAuthenticationProvider. If the current configuration is intentional, to turn off this warning, increase the logging level of 'org.springframework.security.config.annotation.authentication.configuration.InitializeUserDetailsBeanManagerConfigurer' to ERROR
2025-08-25T14:18:09.684+05:30  WARN 13972 --- [BarkBuddy_BackEnd] [restartedMain] JpaBaseConfiguration$JpaWebConfiguration : spring.jpa.open-in-view is enabled by default. Therefore, database queries may be performed during view rendering. Explicitly configure spring.jpa.open-in-view to disable this warning
2025-08-25T14:18:09.815+05:30 DEBUG 13972 --- [BarkBuddy_BackEnd] [restartedMain] s.w.s.m.m.a.RequestMappingHandlerMapping : 15 mappings in 'requestMappingHandlerMapping'
2025-08-25T14:18:09.949+05:30 DEBUG 13972 --- [BarkBuddy_BackEnd] [restartedMain] o.s.w.s.handler.SimpleUrlHandlerMapping  : Patterns [/webjars/**, /**] in 'resourceHandlerMapping'
2025-08-25T14:18:10.227+05:30  INFO 13972 --- [BarkBuddy_BackEnd] [restartedMain] o.s.v.b.OptionalValidatorFactoryBean     : Failed to set up a Bean Validation provider: jakarta.validation.NoProviderFoundException: Unable to create a Configuration, because no Jakarta Bean Validation provider could be found. Add a provider like Hibernate Validator (RI) to your classpath.
2025-08-25T14:18:10.271+05:30 DEBUG 13972 --- [BarkBuddy_BackEnd] [restartedMain] s.w.s.m.m.a.RequestMappingHandlerAdapter : ControllerAdvice beans: 0 @ModelAttribute, 0 @InitBinder, 1 RequestBodyAdvice, 1 ResponseBodyAdvice
2025-08-25T14:18:10.357+05:30 DEBUG 13972 --- [BarkBuddy_BackEnd] [restartedMain] .m.m.a.ExceptionHandlerExceptionResolver : ControllerAdvice beans: 0 @ExceptionHandler, 1 ResponseBodyAdvice
2025-08-25T14:18:10.571+05:30  INFO 13972 --- [BarkBuddy_BackEnd] [restartedMain] o.s.b.d.a.OptionalLiveReloadServer       : LiveReload server is running on port 35729
2025-08-25T14:18:10.634+05:30  INFO 13972 --- [BarkBuddy_BackEnd] [restartedMain] o.s.b.w.embedded.tomcat.TomcatWebServer  : Tomcat started on port 8080 (http) with context path '/'
2025-08-25T14:18:10.647+05:30  INFO 13972 --- [BarkBuddy_BackEnd] [restartedMain] c.e.b.BarkBuddyBackEndApplication        : Started BarkBuddyBackEndApplication in 8.56 seconds (process running for 10.526)
2025-08-25T14:19:10.522+05:30  INFO 13972 --- [BarkBuddy_BackEnd] [http-nio-8080-exec-1] o.a.c.c.C.[Tomcat].[localhost].[/]       : Initializing Spring DispatcherServlet 'dispatcherServlet'
2025-08-25T14:19:10.535+05:30  INFO 13972 --- [BarkBuddy_BackEnd] [http-nio-8080-exec-1] o.s.web.servlet.DispatcherServlet        : Initializing Servlet 'dispatcherServlet'
2025-08-25T14:19:10.550+05:30 DEBUG 13972 --- [BarkBuddy_BackEnd] [http-nio-8080-exec-1] o.s.web.servlet.DispatcherServlet        : Detected StandardServletMultipartResolver
2025-08-25T14:19:10.550+05:30 DEBUG 13972 --- [BarkBuddy_BackEnd] [http-nio-8080-exec-1] o.s.web.servlet.DispatcherServlet        : Detected AcceptHeaderLocaleResolver
2025-08-25T14:19:10.550+05:30 DEBUG 13972 --- [BarkBuddy_BackEnd] [http-nio-8080-exec-1] o.s.web.servlet.DispatcherServlet        : Detected FixedThemeResolver
2025-08-25T14:19:10.582+05:30 DEBUG 13972 --- [BarkBuddy_BackEnd] [http-nio-8080-exec-1] o.s.web.servlet.DispatcherServlet        : Detected org.springframework.web.servlet.view.DefaultRequestToViewNameTranslator@692c1bb5
2025-08-25T14:19:10.582+05:30 DEBUG 13972 --- [BarkBuddy_BackEnd] [http-nio-8080-exec-1] o.s.web.servlet.DispatcherServlet        : Detected org.springframework.web.servlet.support.SessionFlashMapManager@2586d48c
2025-08-25T14:19:10.582+05:30 DEBUG 13972 --- [BarkBuddy_BackEnd] [http-nio-8080-exec-1] o.s.web.servlet.DispatcherServlet        : enableLoggingRequestDetails='false': request parameters and headers will be masked to prevent unsafe logging of potentially sensitive data
2025-08-25T14:19:10.582+05:30  INFO 13972 --- [BarkBuddy_BackEnd] [http-nio-8080-exec-1] o.s.web.servlet.DispatcherServlet        : Completed initialization in 47 ms
2025-08-25T14:19:10.803+05:30 DEBUG 13972 --- [BarkBuddy_BackEnd] [http-nio-8080-exec-4] o.s.web.servlet.DispatcherServlet        : POST "/auth/barkbuddy/login", parameters={}
2025-08-25T14:19:10.813+05:30 DEBUG 13972 --- [BarkBuddy_BackEnd] [http-nio-8080-exec-4] s.w.s.m.m.a.RequestMappingHandlerMapping : Mapped to com.example.barkbuddy_backend.controller.AuthController#login(AuthDTO)
2025-08-25T14:19:11.129+05:30 DEBUG 13972 --- [BarkBuddy_BackEnd] [http-nio-8080-exec-4] m.m.a.RequestResponseBodyMethodProcessor : Read "application/json;charset=UTF-8" to [AuthDTO(email=user1@gmail.com, password=user123)]
2025-08-25T14:19:12.351+05:30 DEBUG 13972 --- [BarkBuddy_BackEnd] [http-nio-8080-exec-4] o.s.w.s.m.m.a.HttpEntityMethodProcessor  : Using 'application/json', given [*/*] and supported [application/json, application/*+json]
2025-08-25T14:19:12.368+05:30 DEBUG 13972 --- [BarkBuddy_BackEnd] [http-nio-8080-exec-4] o.s.w.s.m.m.a.HttpEntityMethodProcessor  : Writing [APIResponse(status=200, message=OK, data=AuthResponseDTO(token=eyJhbGciOiJIUzI1NiJ9.eyJyb2xlcyI6WyJV (truncated)...]
2025-08-25T14:19:12.388+05:30 DEBUG 13972 --- [BarkBuddy_BackEnd] [http-nio-8080-exec-4] o.s.web.servlet.DispatcherServlet        : Completed 200 OK
2025-08-25T14:27:19.542+05:30 DEBUG 13972 --- [BarkBuddy_BackEnd] [http-nio-8080-exec-2] o.s.web.servlet.DispatcherServlet        : POST "/auth/barkbuddy/login", parameters={}
2025-08-25T14:27:19.572+05:30 DEBUG 13972 --- [BarkBuddy_BackEnd] [http-nio-8080-exec-2] s.w.s.m.m.a.RequestMappingHandlerMapping : Mapped to com.example.barkbuddy_backend.controller.AuthController#login(AuthDTO)
2025-08-25T14:27:19.703+05:30 DEBUG 13972 --- [BarkBuddy_BackEnd] [http-nio-8080-exec-2] m.m.a.RequestResponseBodyMethodProcessor : Read "application/json;charset=UTF-8" to [AuthDTO(email=user1@gmail.com, password=user1234)]
2025-08-25T14:27:20.355+05:30 DEBUG 13972 --- [BarkBuddy_BackEnd] [http-nio-8080-exec-2] o.s.w.s.m.m.a.HttpEntityMethodProcessor  : Using 'application/json', given [*/*] and supported [application/json, application/*+json]
2025-08-25T14:27:20.357+05:30 DEBUG 13972 --- [BarkBuddy_BackEnd] [http-nio-8080-exec-2] o.s.w.s.m.m.a.HttpEntityMethodProcessor  : Writing [APIResponse(status=200, message=OK, data=AuthResponseDTO(token=null, message=Invalid email or passwo (truncated)...]
2025-08-25T14:27:20.369+05:30 DEBUG 13972 --- [BarkBuddy_BackEnd] [http-nio-8080-exec-2] o.s.web.servlet.DispatcherServlet        : Completed 200 OK
2025-08-25T14:27:29.293+05:30 DEBUG 13972 --- [BarkBuddy_BackEnd] [http-nio-8080-exec-6] o.s.web.servlet.DispatcherServlet        : POST "/auth/barkbuddy/login", parameters={}
2025-08-25T14:27:29.295+05:30 DEBUG 13972 --- [BarkBuddy_BackEnd] [http-nio-8080-exec-6] s.w.s.m.m.a.RequestMappingHandlerMapping : Mapped to com.example.barkbuddy_backend.controller.AuthController#login(AuthDTO)
2025-08-25T14:27:29.303+05:30 DEBUG 13972 --- [BarkBuddy_BackEnd] [http-nio-8080-exec-6] m.m.a.RequestResponseBodyMethodProcessor : Read "application/json;charset=UTF-8" to [AuthDTO(email=user1@gmail.com, password=user123)]
2025-08-25T14:27:29.733+05:30 DEBUG 13972 --- [BarkBuddy_BackEnd] [http-nio-8080-exec-6] o.s.w.s.m.m.a.HttpEntityMethodProcessor  : Using 'application/json', given [*/*] and supported [application/json, application/*+json]
2025-08-25T14:27:29.733+05:30 DEBUG 13972 --- [BarkBuddy_BackEnd] [http-nio-8080-exec-6] o.s.w.s.m.m.a.HttpEntityMethodProcessor  : Writing [APIResponse(status=200, message=OK, data=AuthResponseDTO(token=eyJhbGciOiJIUzI1NiJ9.eyJyb2xlcyI6WyJV (truncated)...]
2025-08-25T14:27:29.739+05:30 DEBUG 13972 --- [BarkBuddy_BackEnd] [http-nio-8080-exec-6] o.s.web.servlet.DispatcherServlet        : Completed 200 OK
2025-08-25T14:31:42.754+05:30  WARN 13972 --- [BarkBuddy_BackEnd] [http-nio-8080-exec-9] c.e.b.util.JWTAuthFilter                 : JWT extraction failed: {}
2025-08-25T14:35:37.297+05:30 DEBUG 13972 --- [BarkBuddy_BackEnd] [http-nio-8080-exec-4] o.s.web.servlet.DispatcherServlet        : POST "/auth/barkbuddy/login", parameters={}
2025-08-25T14:35:37.326+05:30 DEBUG 13972 --- [BarkBuddy_BackEnd] [http-nio-8080-exec-4] s.w.s.m.m.a.RequestMappingHandlerMapping : Mapped to com.example.barkbuddy_backend.controller.AuthController#login(AuthDTO)
2025-08-25T14:35:37.431+05:30 DEBUG 13972 --- [BarkBuddy_BackEnd] [http-nio-8080-exec-4] m.m.a.RequestResponseBodyMethodProcessor : Read "application/json;charset=UTF-8" to [AuthDTO(email=user1@gmail.com, password=user123)]
2025-08-25T14:35:37.969+05:30 DEBUG 13972 --- [BarkBuddy_BackEnd] [http-nio-8080-exec-4] o.s.w.s.m.m.a.HttpEntityMethodProcessor  : Using 'application/json', given [*/*] and supported [application/json, application/*+json]
2025-08-25T14:35:37.969+05:30 DEBUG 13972 --- [BarkBuddy_BackEnd] [http-nio-8080-exec-4] o.s.w.s.m.m.a.HttpEntityMethodProcessor  : Writing [APIResponse(status=200, message=OK, data=AuthResponseDTO(token=eyJhbGciOiJIUzI1NiJ9.eyJyb2xlcyI6WyJV (truncated)...]
2025-08-25T14:35:37.973+05:30 DEBUG 13972 --- [BarkBuddy_BackEnd] [http-nio-8080-exec-4] o.s.web.servlet.DispatcherServlet        : Completed 200 OK
2025-08-25T14:37:21.150+05:30 DEBUG 13972 --- [BarkBuddy_BackEnd] [http-nio-8080-exec-3] o.s.web.servlet.DispatcherServlet        : POST "/auth/barkbuddy/login", parameters={}
2025-08-25T14:37:21.150+05:30 DEBUG 13972 --- [BarkBuddy_BackEnd] [http-nio-8080-exec-3] s.w.s.m.m.a.RequestMappingHandlerMapping : Mapped to com.example.barkbuddy_backend.controller.AuthController#login(AuthDTO)
2025-08-25T14:37:21.166+05:30 DEBUG 13972 --- [BarkBuddy_BackEnd] [http-nio-8080-exec-3] m.m.a.RequestResponseBodyMethodProcessor : Read "application/json;charset=UTF-8" to [AuthDTO(email=user1@gmail.com, password=user123)]
2025-08-25T14:37:21.433+05:30 DEBUG 13972 --- [BarkBuddy_BackEnd] [http-nio-8080-exec-3] o.s.w.s.m.m.a.HttpEntityMethodProcessor  : Using 'application/json', given [*/*] and supported [application/json, application/*+json]
2025-08-25T14:37:21.433+05:30 DEBUG 13972 --- [BarkBuddy_BackEnd] [http-nio-8080-exec-3] o.s.w.s.m.m.a.HttpEntityMethodProcessor  : Writing [APIResponse(status=200, message=OK, data=AuthResponseDTO(token=eyJhbGciOiJIUzI1NiJ9.eyJyb2xlcyI6WyJV (truncated)...]
2025-08-25T14:37:21.433+05:30 DEBUG 13972 --- [BarkBuddy_BackEnd] [http-nio-8080-exec-3] o.s.web.servlet.DispatcherServlet        : Completed 200 OK
2025-08-25T14:41:06.956+05:30 DEBUG 13972 --- [BarkBuddy_BackEnd] [http-nio-8080-exec-8] o.s.web.servlet.DispatcherServlet        : POST "/auth/barkbuddy/login", parameters={}
2025-08-25T14:41:06.964+05:30 DEBUG 13972 --- [BarkBuddy_BackEnd] [http-nio-8080-exec-8] s.w.s.m.m.a.RequestMappingHandlerMapping : Mapped to com.example.barkbuddy_backend.controller.AuthController#login(AuthDTO)
2025-08-25T14:41:06.982+05:30 DEBUG 13972 --- [BarkBuddy_BackEnd] [http-nio-8080-exec-8] m.m.a.RequestResponseBodyMethodProcessor : Read "application/json;charset=UTF-8" to [AuthDTO(email=user1@gmail.com, password=user123)]
2025-08-25T14:41:07.271+05:30 DEBUG 13972 --- [BarkBuddy_BackEnd] [http-nio-8080-exec-8] o.s.w.s.m.m.a.HttpEntityMethodProcessor  : Using 'application/json', given [*/*] and supported [application/json, application/*+json]
2025-08-25T14:41:07.273+05:30 DEBUG 13972 --- [BarkBuddy_BackEnd] [http-nio-8080-exec-8] o.s.w.s.m.m.a.HttpEntityMethodProcessor  : Writing [APIResponse(status=200, message=OK, data=AuthResponseDTO(token=eyJhbGciOiJIUzI1NiJ9.eyJyb2xlcyI6WyJV (truncated)...]
2025-08-25T14:41:07.277+05:30 DEBUG 13972 --- [BarkBuddy_BackEnd] [http-nio-8080-exec-8] o.s.web.servlet.DispatcherServlet        : Completed 200 OK
2025-08-25T14:44:45.970+05:30 DEBUG 13972 --- [BarkBuddy_BackEnd] [http-nio-8080-exec-1] o.s.web.servlet.DispatcherServlet        : POST "/auth/barkbuddy/login", parameters={}
2025-08-25T14:44:45.989+05:30 DEBUG 13972 --- [BarkBuddy_BackEnd] [http-nio-8080-exec-1] s.w.s.m.m.a.RequestMappingHandlerMapping : Mapped to com.example.barkbuddy_backend.controller.AuthController#login(AuthDTO)
2025-08-25T14:44:46.026+05:30 DEBUG 13972 --- [BarkBuddy_BackEnd] [http-nio-8080-exec-1] m.m.a.RequestResponseBodyMethodProcessor : Read "application/json;charset=UTF-8" to [AuthDTO(email=user1@gmail.com, password=user123)]
2025-08-25T14:44:46.433+05:30 DEBUG 13972 --- [BarkBuddy_BackEnd] [http-nio-8080-exec-1] o.s.w.s.m.m.a.HttpEntityMethodProcessor  : Using 'application/json', given [*/*] and supported [application/json, application/*+json]
2025-08-25T14:44:46.435+05:30 DEBUG 13972 --- [BarkBuddy_BackEnd] [http-nio-8080-exec-1] o.s.w.s.m.m.a.HttpEntityMethodProcessor  : Writing [APIResponse(status=200, message=OK, data=AuthResponseDTO(token=eyJhbGciOiJIUzI1NiJ9.eyJyb2xlcyI6WyJV (truncated)...]
2025-08-25T14:44:46.440+05:30 DEBUG 13972 --- [BarkBuddy_BackEnd] [http-nio-8080-exec-1] o.s.web.servlet.DispatcherServlet        : Completed 200 OK
2025-08-25T14:45:17.314+05:30 DEBUG 13972 --- [BarkBuddy_BackEnd] [http-nio-8080-exec-5] o.s.web.servlet.DispatcherServlet        : POST "/api/dogs/saveDog", parameters={}
2025-08-25T14:45:17.315+05:30 DEBUG 13972 --- [BarkBuddy_BackEnd] [http-nio-8080-exec-5] s.w.s.m.m.a.RequestMappingHandlerMapping : Mapped to com.example.barkbuddy_backend.controller.DogController#addDog(DogDTO, String)
2025-08-25T14:45:17.435+05:30 DEBUG 13972 --- [BarkBuddy_BackEnd] [http-nio-8080-exec-5] m.m.a.RequestResponseBodyMethodProcessor : Read "application/json;charset=UTF-8" to [DogDTO(id=null, dogName=sfsf, breed=terrfscier, age=2, status=ADOPTED, ownerId=1)]
2025-08-25T14:45:17.552+05:30  INFO 13972 --- [BarkBuddy_BackEnd] [http-nio-8080-exec-5] c.e.b.service.Impl.DogServiceImpl        : Creating dog: DogDTO(id=null, dogName=sfsf, breed=terrfscier, age=2, status=ADOPTED, ownerId=1)
2025-08-25T14:45:18.066+05:30  INFO 13972 --- [BarkBuddy_BackEnd] [http-nio-8080-exec-5] c.e.b.service.Impl.DogServiceImpl        : Dog created successfully: Dog(id=2, dogName=sfsf, breed=terrfscier, age=2, status=ADOPTED, ownerId=1)
2025-08-25T14:45:18.083+05:30 DEBUG 13972 --- [BarkBuddy_BackEnd] [http-nio-8080-exec-5] o.s.w.s.m.m.a.HttpEntityMethodProcessor  : Using 'application/json', given [*/*] and supported [application/json, application/*+json]
2025-08-25T14:45:18.083+05:30 DEBUG 13972 --- [BarkBuddy_BackEnd] [http-nio-8080-exec-5] o.s.w.s.m.m.a.HttpEntityMethodProcessor  : Writing [DogDTO(id=2, dogName=sfsf, breed=terrfscier, age=2, status=ADOPTED, ownerId=1)]
2025-08-25T14:45:18.083+05:30 DEBUG 13972 --- [BarkBuddy_BackEnd] [http-nio-8080-exec-5] o.s.web.servlet.DispatcherServlet        : Completed 200 OK
